# JRE version: Java(TM) SE Runtime Environment (8.0_45-b15) (build 1.8.0_45-b15)
# Java VM: Java HotSpot(TM) 64-Bit Server VM (25.45-b02 mixed mode windows-amd64 compressed oops)
Heap:
 PSYoungGen      total 1261568K, used 695396K [0x000000076af00000, 0x00000007bcc00000, 0x00000007c0000000)
  eden space 1198592K, 58% used [0x000000076af00000,0x0000000795619030,0x00000007b4180000)
  from space 62976K, 0% used [0x00000007b4180000,0x00000007b4180000,0x00000007b7f00000)
  to   space 70656K, 0% used [0x00000007b8700000,0x00000007b8700000,0x00000007bcc00000)
 ParOldGen       total 250368K, used 189497K [0x00000006c0c00000, 0x00000006d0080000, 0x000000076af00000)
  object space 250368K, 75% used [0x00000006c0c00000,0x00000006cc50e6e0,0x00000006d0080000)
 Metaspace       used 51743K, capacity 52235K, committed 52784K, reserved 1095680K
  class space    used 6451K, capacity 6607K, committed 6704K, reserved 1048576K
GC Heap History (10 events):
Event: 19.946 GC heap before
{Heap before GC invocations=19 (full 4):
 PSYoungGen      total 1216512K, used 17142K [0x000000076af00000, 0x00000007bbc00000, 0x00000007c0000000)
  eden space 1199104K, 0% used [0x000000076af00000,0x000000076af00000,0x00000007b4200000)
  from space 17408K, 98% used [0x00000007b4200000,0x00000007b52bdb30,0x00000007b5300000)
  to   space 62464K, 0% used [0x00000007b7f00000,0x00000007b7f00000,0x00000007bbc00000)
 ParOldGen       total 250368K, used 131257K [0x00000006c0c00000, 0x00000006d0080000, 0x000000076af00000)
  object space 250368K, 52% used [0x00000006c0c00000,0x00000006c8c2e620,0x00000006d0080000)
 Metaspace       used 44973K, capacity 45443K, committed 45872K, reserved 1089536K
  class space    used 5774K, capacity 5917K, committed 5936K, reserved 1048576K
Event: 20.432 GC heap after
Heap after GC invocations=19 (full 4):
 PSYoungGen      total 1216512K, used 0K [0x000000076af00000, 0x00000007bbc00000, 0x00000007c0000000)
  eden space 1199104K, 0% used [0x000000076af00000,0x000000076af00000,0x00000007b4200000)
  from space 17408K, 0% used [0x00000007b4200000,0x00000007b4200000,0x00000007b5300000)
  to   space 62464K, 0% used [0x00000007b7f00000,0x00000007b7f00000,0x00000007bbc00000)
 ParOldGen       total 250368K, used 142197K [0x00000006c0c00000, 0x00000006d0080000, 0x000000076af00000)
  object space 250368K, 56% used [0x00000006c0c00000,0x00000006c96dd478,0x00000006d0080000)
 Metaspace       used 44973K, capacity 45443K, committed 45872K, reserved 1089536K
  class space    used 5774K, capacity 5917K, committed 5936K, reserved 1048576K
}
Event: 20.432 GC heap before
{Heap before GC invocations=20 (full 4):
 PSYoungGen      total 1216512K, used 3997K [0x000000076af00000, 0x00000007bbc00000, 0x00000007c0000000)
  eden space 1199104K, 0% used [0x000000076af00000,0x000000076b2e7448,0x00000007b4200000)
  from space 17408K, 0% used [0x00000007b4200000,0x00000007b4200000,0x00000007b5300000)
  to   space 62464K, 0% used [0x00000007b7f00000,0x00000007b7f00000,0x00000007bbc00000)
 ParOldGen       total 250368K, used 142197K [0x00000006c0c00000, 0x00000006d0080000, 0x000000076af00000)
  object space 250368K, 56% used [0x00000006c0c00000,0x00000006c96dd478,0x00000006d0080000)
 Metaspace       used 44973K, capacity 45443K, committed 45872K, reserved 1089536K
  class space    used 5774K, capacity 5917K, committed 5936K, reserved 1048576K
Event: 20.433 GC heap after
Heap after GC invocations=20 (full 4):
 PSYoungGen      total 1261056K, used 32K [0x000000076af00000, 0x00000007bbd00000, 0x00000007c0000000)
  eden space 1198592K, 0% used [0x000000076af00000,0x000000076af00000,0x00000007b4180000)
  from space 62464K, 0% used [0x00000007b7f00000,0x00000007b7f08000,0x00000007bbc00000)
  to   space 62976K, 0% used [0x00000007b4180000,0x00000007b4180000,0x00000007b7f00000)
 ParOldGen       total 250368K, used 142197K [0x00000006c0c00000, 0x00000006d0080000, 0x000000076af00000)
  object space 250368K, 56% used [0x00000006c0c00000,0x00000006c96dd478,0x00000006d0080000)
 Metaspace       used 44973K, capacity 45443K, committed 45872K, reserved 1089536K
  class space    used 5774K, capacity 5917K, committed 5936K, reserved 1048576K
}
Event: 20.433 GC heap before
{Heap before GC invocations=21 (full 5):
 PSYoungGen      total 1261056K, used 32K [0x000000076af00000, 0x00000007bbd00000, 0x00000007c0000000)
  eden space 1198592K, 0% used [0x000000076af00000,0x000000076af00000,0x00000007b4180000)
  from space 62464K, 0% used [0x00000007b7f00000,0x00000007b7f08000,0x00000007bbc00000)
  to   space 62976K, 0% used [0x00000007b4180000,0x00000007b4180000,0x00000007b7f00000)
 ParOldGen       total 250368K, used 142197K [0x00000006c0c00000, 0x00000006d0080000, 0x000000076af00000)
  object space 250368K, 56% used [0x00000006c0c00000,0x00000006c96dd478,0x00000006d0080000)
 Metaspace       used 44973K, capacity 45443K, committed 45872K, reserved 1089536K
  class space    used 5774K, capacity 5917K, committed 5936K, reserved 1048576K
Event: 20.548 GC heap after
Heap after GC invocations=21 (full 5):
 PSYoungGen      total 1261056K, used 0K [0x000000076af00000, 0x00000007bbd00000, 0x00000007c0000000)
  eden space 1198592K, 0% used [0x000000076af00000,0x000000076af00000,0x00000007b4180000)
  from space 62464K, 0% used [0x00000007b7f00000,0x00000007b7f00000,0x00000007bbc00000)
  to   space 62976K, 0% used [0x00000007b4180000,0x00000007b4180000,0x00000007b7f00000)
 ParOldGen       total 250368K, used 142197K [0x00000006c0c00000, 0x00000006d0080000, 0x000000076af00000)
  object space 250368K, 56% used [0x00000006c0c00000,0x00000006c96dd470,0x00000006d0080000)
 Metaspace       used 44973K, capacity 45443K, committed 45872K, reserved 1089536K
  class space    used 5774K, capacity 5917K, committed 5936K, reserved 1048576K
}
Event: 22.271 GC heap before
{Heap before GC invocations=22 (full 5):
 PSYoungGen      total 1261056K, used 613726K [0x000000076af00000, 0x00000007bbd00000, 0x00000007c0000000)
  eden space 1198592K, 51% used [0x000000076af00000,0x00000007906579e8,0x00000007b4180000)
  from space 62464K, 0% used [0x00000007b7f00000,0x00000007b7f00000,0x00000007bbc00000)
  to   space 62976K, 0% used [0x00000007b4180000,0x00000007b4180000,0x00000007b7f00000)
 ParOldGen       total 250368K, used 142197K [0x00000006c0c00000, 0x00000006d0080000, 0x000000076af00000)
  object space 250368K, 56% used [0x00000006c0c00000,0x00000006c96dd470,0x00000006d0080000)
 Metaspace       used 49208K, capacity 49677K, committed 49968K, reserved 1093632K
  class space    used 6225K, capacity 6378K, committed 6448K, reserved 1048576K
Event: 22.290 GC heap after
Heap after GC invocations=22 (full 5):
 PSYoungGen      total 1261568K, used 54042K [0x000000076af00000, 0x00000007bcc00000, 0x00000007c0000000)
  eden space 1198592K, 0% used [0x000000076af00000,0x000000076af00000,0x00000007b4180000)
  from space 62976K, 85% used [0x00000007b4180000,0x00000007b7646a60,0x00000007b7f00000)
  to   space 70656K, 0% used [0x00000007b8700000,0x00000007b8700000,0x00000007bcc00000)
 ParOldGen       total 250368K, used 142205K [0x00000006c0c00000, 0x00000006d0080000, 0x000000076af00000)
  object space 250368K, 56% used [0x00000006c0c00000,0x00000006c96df470,0x00000006d0080000)
 Metaspace       used 49208K, capacity 49677K, committed 49968K, reserved 1093632K
  class space    used 6225K, capacity 6378K, committed 6448K, reserved 1048576K
}
Event: 22.290 GC heap before
{Heap before GC invocations=23 (full 6):
 PSYoungGen      total 1261568K, used 54042K [0x000000076af00000, 0x00000007bcc00000, 0x00000007c0000000)
  eden space 1198592K, 0% used [0x000000076af00000,0x000000076af00000,0x00000007b4180000)
  from space 62976K, 85% used [0x00000007b4180000,0x00000007b7646a60,0x00000007b7f00000)
  to   space 70656K, 0% used [0x00000007b8700000,0x00000007b8700000,0x00000007bcc00000)
 ParOldGen       total 250368K, used 142205K [0x00000006c0c00000, 0x00000006d0080000, 0x000000076af00000)
  object space 250368K, 56% used [0x00000006c0c00000,0x00000006c96df470,0x00000006d0080000)
 Metaspace       used 49208K, capacity 49677K, committed 49968K, reserved 1093632K
  class space    used 6225K, capacity 6378K, committed 6448K, reserved 1048576K
Event: 22.898 GC heap after
Heap after GC invocations=23 (full 6):
 PSYoungGen      total 1261568K, used 0K [0x000000076af00000, 0x00000007bcc00000, 0x00000007c0000000)
  eden space 1198592K, 0% used [0x000000076af00000,0x000000076af00000,0x00000007b4180000)
  from space 62976K, 0% used [0x00000007b4180000,0x00000007b4180000,0x00000007b7f00000)
  to   space 70656K, 0% used [0x00000007b8700000,0x00000007b8700000,0x00000007bcc00000)
 ParOldGen       total 250368K, used 189497K [0x00000006c0c00000, 0x00000006d0080000, 0x000000076af00000)
  object space 250368K, 75% used [0x00000006c0c00000,0x00000006cc50e6e0,0x00000006d0080000)
 Metaspace       used 49208K, capacity 49677K, committed 49968K, reserved 1093632K
  class space    used 6225K, capacity 6378K, committed 6448K, reserved 1048576K
}

