# JRE version: Java(TM) SE Runtime Environment (8.0_45-b15) (build 1.8.0_45-b15)
# Java VM: Java HotSpot(TM) 64-Bit Server VM (25.45-b02 mixed mode windows-amd64 compressed oops)
Heap:
 PSYoungGen      total 1268736K, used 263542K [0x000000076af00000, 0x00000007c0000000, 0x00000007c0000000)
  eden space 1197568K, 17% used [0x000000076af00000,0x0000000777dd0420,0x00000007b4080000)
  from space 71168K, 72% used [0x00000007b8b00000,0x00000007bbd8d3e8,0x00000007bd080000)
  to   space 76288K, 0% used [0x00000007b4080000,0x00000007b4080000,0x00000007b8b00000)
 ParOldGen       total 249344K, used 189611K [0x00000006c0c00000, 0x00000006cff80000, 0x000000076af00000)
  object space 249344K, 76% used [0x00000006c0c00000,0x00000006cc52ac30,0x00000006cff80000)
 Metaspace       used 53067K, capacity 53445K, committed 54064K, reserved 1097728K
  class space    used 6459K, capacity 6606K, committed 6704K, reserved 1048576K
GC Heap History (10 events):
Event: 18.995 GC heap before
{Heap before GC invocations=20 (full 4):
 PSYoungGen      total 1220096K, used 0K [0x000000076af00000, 0x00000007bc080000, 0x00000007c0000000)
  eden space 1202688K, 0% used [0x000000076af00000,0x000000076af00000,0x00000007b4580000)
  from space 17408K, 0% used [0x00000007b4580000,0x00000007b4580000,0x00000007b5680000)
  to   space 62976K, 0% used [0x00000007b8300000,0x00000007b8300000,0x00000007bc080000)
 ParOldGen       total 249344K, used 142177K [0x00000006c0c00000, 0x00000006cff80000, 0x000000076af00000)
  object space 249344K, 57% used [0x00000006c0c00000,0x00000006c96d85e8,0x00000006cff80000)
 Metaspace       used 44971K, capacity 45443K, committed 45872K, reserved 1089536K
  class space    used 5774K, capacity 5917K, committed 5936K, reserved 1048576K
Event: 18.997 GC heap after
Heap after GC invocations=20 (full 4):
 PSYoungGen      total 1265152K, used 0K [0x000000076af00000, 0x00000007bc180000, 0x00000007c0000000)
  eden space 1202176K, 0% used [0x000000076af00000,0x000000076af00000,0x00000007b4500000)
  from space 62976K, 0% used [0x00000007b8300000,0x00000007b8300000,0x00000007bc080000)
  to   space 63488K, 0% used [0x00000007b4500000,0x00000007b4500000,0x00000007b8300000)
 ParOldGen       total 249344K, used 142177K [0x00000006c0c00000, 0x00000006cff80000, 0x000000076af00000)
  object space 249344K, 57% used [0x00000006c0c00000,0x00000006c96d85e8,0x00000006cff80000)
 Metaspace       used 44971K, capacity 45443K, committed 45872K, reserved 1089536K
  class space    used 5774K, capacity 5917K, committed 5936K, reserved 1048576K
}
Event: 18.997 GC heap before
{Heap before GC invocations=21 (full 5):
 PSYoungGen      total 1265152K, used 0K [0x000000076af00000, 0x00000007bc180000, 0x00000007c0000000)
  eden space 1202176K, 0% used [0x000000076af00000,0x000000076af00000,0x00000007b4500000)
  from space 62976K, 0% used [0x00000007b8300000,0x00000007b8300000,0x00000007bc080000)
  to   space 63488K, 0% used [0x00000007b4500000,0x00000007b4500000,0x00000007b8300000)
 ParOldGen       total 249344K, used 142177K [0x00000006c0c00000, 0x00000006cff80000, 0x000000076af00000)
  object space 249344K, 57% used [0x00000006c0c00000,0x00000006c96d85e8,0x00000006cff80000)
 Metaspace       used 44971K, capacity 45443K, committed 45872K, reserved 1089536K
  class space    used 5774K, capacity 5917K, committed 5936K, reserved 1048576K
Event: 19.087 GC heap after
Heap after GC invocations=21 (full 5):
 PSYoungGen      total 1265152K, used 0K [0x000000076af00000, 0x00000007bc180000, 0x00000007c0000000)
  eden space 1202176K, 0% used [0x000000076af00000,0x000000076af00000,0x00000007b4500000)
  from space 62976K, 0% used [0x00000007b8300000,0x00000007b8300000,0x00000007bc080000)
  to   space 63488K, 0% used [0x00000007b4500000,0x00000007b4500000,0x00000007b8300000)
 ParOldGen       total 249344K, used 142177K [0x00000006c0c00000, 0x00000006cff80000, 0x000000076af00000)
  object space 249344K, 57% used [0x00000006c0c00000,0x00000006c96d85e8,0x00000006cff80000)
 Metaspace       used 44971K, capacity 45443K, committed 45872K, reserved 1089536K
  class space    used 5774K, capacity 5917K, committed 5936K, reserved 1048576K
}
Event: 20.629 GC heap before
{Heap before GC invocations=22 (full 5):
 PSYoungGen      total 1265152K, used 590304K [0x000000076af00000, 0x00000007bc180000, 0x00000007c0000000)
  eden space 1202176K, 49% used [0x000000076af00000,0x000000078ef78210,0x00000007b4500000)
  from space 62976K, 0% used [0x00000007b8300000,0x00000007b8300000,0x00000007bc080000)
  to   space 63488K, 0% used [0x00000007b4500000,0x00000007b4500000,0x00000007b8300000)
 ParOldGen       total 249344K, used 142177K [0x00000006c0c00000, 0x00000006cff80000, 0x000000076af00000)
  object space 249344K, 57% used [0x00000006c0c00000,0x00000006c96d85e8,0x00000006cff80000)
 Metaspace       used 49193K, capacity 49613K, committed 49968K, reserved 1093632K
  class space    used 6225K, capacity 6378K, committed 6448K, reserved 1048576K
Event: 20.646 GC heap after
Heap after GC invocations=22 (full 5):
 PSYoungGen      total 1265664K, used 54187K [0x000000076af00000, 0x00000007bd080000, 0x00000007c0000000)
  eden space 1202176K, 0% used [0x000000076af00000,0x000000076af00000,0x00000007b4500000)
  from space 63488K, 85% used [0x00000007b4500000,0x00000007b79eaf28,0x00000007b8300000)
  to   space 71168K, 0% used [0x00000007b8b00000,0x00000007b8b00000,0x00000007bd080000)
 ParOldGen       total 249344K, used 142185K [0x00000006c0c00000, 0x00000006cff80000, 0x000000076af00000)
  object space 249344K, 57% used [0x00000006c0c00000,0x00000006c96da5e8,0x00000006cff80000)
 Metaspace       used 49193K, capacity 49613K, committed 49968K, reserved 1093632K
  class space    used 6225K, capacity 6378K, committed 6448K, reserved 1048576K
}
Event: 20.646 GC heap before
{Heap before GC invocations=23 (full 6):
 PSYoungGen      total 1265664K, used 54187K [0x000000076af00000, 0x00000007bd080000, 0x00000007c0000000)
  eden space 1202176K, 0% used [0x000000076af00000,0x000000076af00000,0x00000007b4500000)
  from space 63488K, 85% used [0x00000007b4500000,0x00000007b79eaf28,0x00000007b8300000)
  to   space 71168K, 0% used [0x00000007b8b00000,0x00000007b8b00000,0x00000007bd080000)
 ParOldGen       total 249344K, used 142185K [0x00000006c0c00000, 0x00000006cff80000, 0x000000076af00000)
  object space 249344K, 57% used [0x00000006c0c00000,0x00000006c96da5e8,0x00000006cff80000)
 Metaspace       used 49193K, capacity 49613K, committed 49968K, reserved 1093632K
  class space    used 6225K, capacity 6378K, committed 6448K, reserved 1048576K
Event: 21.222 GC heap after
Heap after GC invocations=23 (full 6):
 PSYoungGen      total 1265664K, used 0K [0x000000076af00000, 0x00000007bd080000, 0x00000007c0000000)
  eden space 1202176K, 0% used [0x000000076af00000,0x000000076af00000,0x00000007b4500000)
  from space 63488K, 0% used [0x00000007b4500000,0x00000007b4500000,0x00000007b8300000)
  to   space 71168K, 0% used [0x00000007b8b00000,0x00000007b8b00000,0x00000007bd080000)
 ParOldGen       total 249344K, used 189611K [0x00000006c0c00000, 0x00000006cff80000, 0x000000076af00000)
  object space 249344K, 76% used [0x00000006c0c00000,0x00000006cc52ac30,0x00000006cff80000)
 Metaspace       used 49193K, capacity 49613K, committed 49968K, reserved 1093632K
  class space    used 6225K, capacity 6378K, committed 6448K, reserved 1048576K
}
Event: 39.234 GC heap before
{Heap before GC invocations=24 (full 6):
 PSYoungGen      total 1265664K, used 1202176K [0x000000076af00000, 0x00000007bd080000, 0x00000007c0000000)
  eden space 1202176K, 100% used [0x000000076af00000,0x00000007b4500000,0x00000007b4500000)
  from space 63488K, 0% used [0x00000007b4500000,0x00000007b4500000,0x00000007b8300000)
  to   space 71168K, 0% used [0x00000007b8b00000,0x00000007b8b00000,0x00000007bd080000)
 ParOldGen       total 249344K, used 189611K [0x00000006c0c00000, 0x00000006cff80000, 0x000000076af00000)
  object space 249344K, 76% used [0x00000006c0c00000,0x00000006cc52ac30,0x00000006cff80000)
 Metaspace       used 52724K, capacity 53189K, committed 53808K, reserved 1095680K
  class space    used 6439K, capacity 6606K, committed 6704K, reserved 1048576K
Event: 39.250 GC heap after
Heap after GC invocations=24 (full 6):
 PSYoungGen      total 1268736K, used 51764K [0x000000076af00000, 0x00000007c0000000, 0x00000007c0000000)
  eden space 1197568K, 0% used [0x000000076af00000,0x000000076af00000,0x00000007b4080000)
  from space 71168K, 72% used [0x00000007b8b00000,0x00000007bbd8d3e8,0x00000007bd080000)
  to   space 76288K, 0% used [0x00000007b4080000,0x00000007b4080000,0x00000007b8b00000)
 ParOldGen       total 249344K, used 189611K [0x00000006c0c00000, 0x00000006cff80000, 0x000000076af00000)
  object space 249344K, 76% used [0x00000006c0c00000,0x00000006cc52ac30,0x00000006cff80000)
 Metaspace       used 52724K, capacity 53189K, committed 53808K, reserved 1095680K
  class space    used 6439K, capacity 6606K, committed 6704K, reserved 1048576K
}

