# JRE version: Java(TM) SE Runtime Environment (8.0_45-b15) (build 1.8.0_45-b15)
# Java VM: Java HotSpot(TM) 64-Bit Server VM (25.45-b02 mixed mode windows-amd64 compressed oops)
Heap:
 PSYoungGen      total 1311232K, used 74300K [0x000000076af00000, 0x00000007c0000000, 0x00000007c0000000)
  eden space 1240064K, 5% used [0x000000076af00000,0x000000076f78f368,0x00000007b6a00000)
  from space 71168K, 0% used [0x00000007bba80000,0x00000007bba80000,0x00000007c0000000)
  to   space 76800K, 0% used [0x00000007b6a00000,0x00000007b6a00000,0x00000007bb500000)
 ParOldGen       total 239104K, used 235236K [0x00000006c0c00000, 0x00000006cf580000, 0x000000076af00000)
  object space 239104K, 98% used [0x00000006c0c00000,0x00000006cf1b92b0,0x00000006cf580000)
 Metaspace       used 52904K, capacity 53335K, committed 53808K, reserved 1095680K
  class space    used 6445K, capacity 6609K, committed 6704K, reserved 1048576K
GC Heap History (10 events):
Event: 31.816 GC heap before
{Heap before GC invocations=21 (full 5):
 PSYoungGen      total 1318400K, used 32K [0x000000076af00000, 0x00000007bf580000, 0x00000007c0000000)
  eden space 1255424K, 0% used [0x000000076af00000,0x000000076af00000,0x00000007b7900000)
  from space 62976K, 0% used [0x00000007bb700000,0x00000007bb708000,0x00000007bf480000)
  to   space 63488K, 0% used [0x00000007b7900000,0x00000007b7900000,0x00000007bb700000)
 ParOldGen       total 239104K, used 143085K [0x00000006c0c00000, 0x00000006cf580000, 0x000000076af00000)
  object space 239104K, 59% used [0x00000006c0c00000,0x00000006c97bb748,0x00000006cf580000)
 Metaspace       used 45119K, capacity 45577K, committed 45872K, reserved 1089536K
  class space    used 5769K, capacity 5918K, committed 5936K, reserved 1048576K
Event: 31.937 GC heap after
Heap after GC invocations=21 (full 5):
 PSYoungGen      total 1318400K, used 0K [0x000000076af00000, 0x00000007bf580000, 0x00000007c0000000)
  eden space 1255424K, 0% used [0x000000076af00000,0x000000076af00000,0x00000007b7900000)
  from space 62976K, 0% used [0x00000007bb700000,0x00000007bb700000,0x00000007bf480000)
  to   space 63488K, 0% used [0x00000007b7900000,0x00000007b7900000,0x00000007bb700000)
 ParOldGen       total 239104K, used 143085K [0x00000006c0c00000, 0x00000006cf580000, 0x000000076af00000)
  object space 239104K, 59% used [0x00000006c0c00000,0x00000006c97bb700,0x00000006cf580000)
 Metaspace       used 45119K, capacity 45577K, committed 45872K, reserved 1089536K
  class space    used 5769K, capacity 5918K, committed 5936K, reserved 1048576K
}
Event: 33.680 GC heap before
{Heap before GC invocations=22 (full 5):
 PSYoungGen      total 1318400K, used 603526K [0x000000076af00000, 0x00000007bf580000, 0x00000007c0000000)
  eden space 1255424K, 48% used [0x000000076af00000,0x000000078fc61840,0x00000007b7900000)
  from space 62976K, 0% used [0x00000007bb700000,0x00000007bb700000,0x00000007bf480000)
  to   space 63488K, 0% used [0x00000007b7900000,0x00000007b7900000,0x00000007bb700000)
 ParOldGen       total 239104K, used 143085K [0x00000006c0c00000, 0x00000006cf580000, 0x000000076af00000)
  object space 239104K, 59% used [0x00000006c0c00000,0x00000006c97bb700,0x00000006cf580000)
 Metaspace       used 49405K, capacity 49849K, committed 50480K, reserved 1093632K
  class space    used 6224K, capacity 6348K, committed 6448K, reserved 1048576K
Event: 33.698 GC heap after
Heap after GC invocations=22 (full 5):
 PSYoungGen      total 1318912K, used 54042K [0x000000076af00000, 0x00000007c0000000, 0x00000007c0000000)
  eden space 1255424K, 0% used [0x000000076af00000,0x000000076af00000,0x00000007b7900000)
  from space 63488K, 85% used [0x00000007b7900000,0x00000007badc6b88,0x00000007bb700000)
  to   space 71168K, 0% used [0x00000007bba80000,0x00000007bba80000,0x00000007c0000000)
 ParOldGen       total 239104K, used 143093K [0x00000006c0c00000, 0x00000006cf580000, 0x000000076af00000)
  object space 239104K, 59% used [0x00000006c0c00000,0x00000006c97bd700,0x00000006cf580000)
 Metaspace       used 49405K, capacity 49849K, committed 50480K, reserved 1093632K
  class space    used 6224K, capacity 6348K, committed 6448K, reserved 1048576K
}
Event: 33.698 GC heap before
{Heap before GC invocations=23 (full 6):
 PSYoungGen      total 1318912K, used 54042K [0x000000076af00000, 0x00000007c0000000, 0x00000007c0000000)
  eden space 1255424K, 0% used [0x000000076af00000,0x000000076af00000,0x00000007b7900000)
  from space 63488K, 85% used [0x00000007b7900000,0x00000007badc6b88,0x00000007bb700000)
  to   space 71168K, 0% used [0x00000007bba80000,0x00000007bba80000,0x00000007c0000000)
 ParOldGen       total 239104K, used 143093K [0x00000006c0c00000, 0x00000006cf580000, 0x000000076af00000)
  object space 239104K, 59% used [0x00000006c0c00000,0x00000006c97bd700,0x00000006cf580000)
 Metaspace       used 49405K, capacity 49849K, committed 50480K, reserved 1093632K
  class space    used 6224K, capacity 6348K, committed 6448K, reserved 1048576K
Event: 34.239 GC heap after
Heap after GC invocations=23 (full 6):
 PSYoungGen      total 1318912K, used 0K [0x000000076af00000, 0x00000007c0000000, 0x00000007c0000000)
  eden space 1255424K, 0% used [0x000000076af00000,0x000000076af00000,0x00000007b7900000)
  from space 63488K, 0% used [0x00000007b7900000,0x00000007b7900000,0x00000007bb700000)
  to   space 71168K, 0% used [0x00000007bba80000,0x00000007bba80000,0x00000007c0000000)
 ParOldGen       total 239104K, used 190348K [0x00000006c0c00000, 0x00000006cf580000, 0x000000076af00000)
  object space 239104K, 79% used [0x00000006c0c00000,0x00000006cc5e3278,0x00000006cf580000)
 Metaspace       used 49405K, capacity 49849K, committed 50480K, reserved 1093632K
  class space    used 6224K, capacity 6348K, committed 6448K, reserved 1048576K
}
Event: 70.494 GC heap before
{Heap before GC invocations=24 (full 6):
 PSYoungGen      total 1318912K, used 1188562K [0x000000076af00000, 0x00000007c0000000, 0x00000007c0000000)
  eden space 1255424K, 94% used [0x000000076af00000,0x00000007b37b4bd0,0x00000007b7900000)
  from space 63488K, 0% used [0x00000007b7900000,0x00000007b7900000,0x00000007bb700000)
  to   space 71168K, 0% used [0x00000007bba80000,0x00000007bba80000,0x00000007c0000000)
 ParOldGen       total 239104K, used 190348K [0x00000006c0c00000, 0x00000006cf580000, 0x000000076af00000)
  object space 239104K, 79% used [0x00000006c0c00000,0x00000006cc5e3278,0x00000006cf580000)
 Metaspace       used 52877K, capacity 53335K, committed 53808K, reserved 1095680K
  class space    used 6442K, capacity 6609K, committed 6704K, reserved 1048576K
Event: 70.509 GC heap after
Heap after GC invocations=24 (full 6):
 PSYoungGen      total 1311232K, used 53176K [0x000000076af00000, 0x00000007c0000000, 0x00000007c0000000)
  eden space 1240064K, 0% used [0x000000076af00000,0x000000076af00000,0x00000007b6a00000)
  from space 71168K, 74% used [0x00000007bba80000,0x00000007bee6e1c0,0x00000007c0000000)
  to   space 76800K, 0% used [0x00000007b6a00000,0x00000007b6a00000,0x00000007bb500000)
 ParOldGen       total 239104K, used 190356K [0x00000006c0c00000, 0x00000006cf580000, 0x000000076af00000)
  object space 239104K, 79% used [0x00000006c0c00000,0x00000006cc5e5278,0x00000006cf580000)
 Metaspace       used 52877K, capacity 53335K, committed 53808K, reserved 1095680K
  class space    used 6442K, capacity 6609K, committed 6704K, reserved 1048576K
}
Event: 70.509 GC heap before
{Heap before GC invocations=25 (full 7):
 PSYoungGen      total 1311232K, used 53176K [0x000000076af00000, 0x00000007c0000000, 0x00000007c0000000)
  eden space 1240064K, 0% used [0x000000076af00000,0x000000076af00000,0x00000007b6a00000)
  from space 71168K, 74% used [0x00000007bba80000,0x00000007bee6e1c0,0x00000007c0000000)
  to   space 76800K, 0% used [0x00000007b6a00000,0x00000007b6a00000,0x00000007bb500000)
 ParOldGen       total 239104K, used 190356K [0x00000006c0c00000, 0x00000006cf580000, 0x000000076af00000)
  object space 239104K, 79% used [0x00000006c0c00000,0x00000006cc5e5278,0x00000006cf580000)
 Metaspace       used 52877K, capacity 53335K, committed 53808K, reserved 1095680K
  class space    used 6442K, capacity 6609K, committed 6704K, reserved 1048576K
Event: 70.874 GC heap after
Heap after GC invocations=25 (full 7):
 PSYoungGen      total 1311232K, used 0K [0x000000076af00000, 0x00000007c0000000, 0x00000007c0000000)
  eden space 1240064K, 0% used [0x000000076af00000,0x000000076af00000,0x00000007b6a00000)
  from space 71168K, 0% used [0x00000007bba80000,0x00000007bba80000,0x00000007c0000000)
  to   space 76800K, 0% used [0x00000007b6a00000,0x00000007b6a00000,0x00000007bb500000)
 ParOldGen       total 239104K, used 235236K [0x00000006c0c00000, 0x00000006cf580000, 0x000000076af00000)
  object space 239104K, 98% used [0x00000006c0c00000,0x00000006cf1b92b0,0x00000006cf580000)
 Metaspace       used 52877K, capacity 53335K, committed 53808K, reserved 1095680K
  class space    used 6442K, capacity 6609K, committed 6704K, reserved 1048576K
}

