# JRE version: Java(TM) SE Runtime Environment (8.0_45-b15) (build 1.8.0_45-b15)
# Java VM: Java HotSpot(TM) 64-Bit Server VM (25.45-b02 mixed mode windows-amd64 compressed oops)
Heap:
 PSYoungGen      total 1291776K, used 42563K [0x000000076af00000, 0x00000007c0000000, 0x00000007c0000000)
  eden space 1189888K, 3% used [0x000000076af00000,0x000000076d890dd8,0x00000007b3900000)
  from space 101888K, 0% used [0x00000007b3900000,0x00000007b3900000,0x00000007b9c80000)
  to   space 101888K, 0% used [0x00000007b9c80000,0x00000007b9c80000,0x00000007c0000000)
 ParOldGen       total 268800K, used 238927K [0x00000006c0c00000, 0x00000006d1280000, 0x000000076af00000)
  object space 268800K, 88% used [0x00000006c0c00000,0x00000006cf553ff0,0x00000006d1280000)
 Metaspace       used 53427K, capacity 53883K, committed 54320K, reserved 1097728K
  class space    used 6466K, capacity 6615K, committed 6704K, reserved 1048576K
GC Heap History (10 events):
Event: 470.117 GC heap before
{Heap before GC invocations=33 (full 8):
 PSYoungGen      total 1195520K, used 32K [0x000000076af00000, 0x00000007c0000000, 0x00000007c0000000)
  eden space 1195008K, 0% used [0x000000076af00000,0x000000076af00000,0x00000007b3e00000)
  from space 512K, 6% used [0x00000007b3e00000,0x00000007b3e08000,0x00000007b3e80000)
  to   space 101376K, 0% used [0x00000007b9d00000,0x00000007b9d00000,0x00000007c0000000)
 ParOldGen       total 268800K, used 239368K [0x00000006c0c00000, 0x00000006d1280000, 0x000000076af00000)
  object space 268800K, 89% used [0x00000006c0c00000,0x00000006cf5c22c0,0x00000006d1280000)
 Metaspace       used 53342K, capacity 53819K, committed 54320K, reserved 1097728K
  class space    used 6454K, capacity 6615K, committed 6704K, reserved 1048576K
Event: 470.224 GC heap after
Heap after GC invocations=33 (full 8):
 PSYoungGen      total 1195520K, used 0K [0x000000076af00000, 0x00000007c0000000, 0x00000007c0000000)
  eden space 1195008K, 0% used [0x000000076af00000,0x000000076af00000,0x00000007b3e00000)
  from space 512K, 0% used [0x00000007b3e00000,0x00000007b3e00000,0x00000007b3e80000)
  to   space 101376K, 0% used [0x00000007b9d00000,0x00000007b9d00000,0x00000007c0000000)
 ParOldGen       total 268800K, used 239368K [0x00000006c0c00000, 0x00000006d1280000, 0x000000076af00000)
  object space 268800K, 89% used [0x00000006c0c00000,0x00000006cf5c22e0,0x00000006d1280000)
 Metaspace       used 53342K, capacity 53819K, committed 54320K, reserved 1097728K
  class space    used 6454K, capacity 6615K, committed 6704K, reserved 1048576K
}
Event: 470.670 GC heap before
{Heap before GC invocations=34 (full 8):
 PSYoungGen      total 1195520K, used 33988K [0x000000076af00000, 0x00000007c0000000, 0x00000007c0000000)
  eden space 1195008K, 2% used [0x000000076af00000,0x000000076d031330,0x00000007b3e00000)
  from space 512K, 0% used [0x00000007b3e00000,0x00000007b3e00000,0x00000007b3e80000)
  to   space 101376K, 0% used [0x00000007b9d00000,0x00000007b9d00000,0x00000007c0000000)
 ParOldGen       total 268800K, used 239368K [0x00000006c0c00000, 0x00000006d1280000, 0x000000076af00000)
  object space 268800K, 89% used [0x00000006c0c00000,0x00000006cf5c22e0,0x00000006d1280000)
 Metaspace       used 53390K, capacity 53883K, committed 54320K, reserved 1097728K
  class space    used 6461K, capacity 6615K, committed 6704K, reserved 1048576K
Event: 470.673 GC heap after
Heap after GC invocations=34 (full 8):
 PSYoungGen      total 1291264K, used 464K [0x000000076af00000, 0x00000007c0000000, 0x00000007c0000000)
  eden space 1189888K, 0% used [0x000000076af00000,0x000000076af00000,0x00000007b3900000)
  from space 101376K, 0% used [0x00000007b9d00000,0x00000007b9d74010,0x00000007c0000000)
  to   space 101888K, 0% used [0x00000007b3900000,0x00000007b3900000,0x00000007b9c80000)
 ParOldGen       total 268800K, used 239368K [0x00000006c0c00000, 0x00000006d1280000, 0x000000076af00000)
  object space 268800K, 89% used [0x00000006c0c00000,0x00000006cf5c22e0,0x00000006d1280000)
 Metaspace       used 53390K, capacity 53883K, committed 54320K, reserved 1097728K
  class space    used 6461K, capacity 6615K, committed 6704K, reserved 1048576K
}
Event: 470.673 GC heap before
{Heap before GC invocations=35 (full 9):
 PSYoungGen      total 1291264K, used 464K [0x000000076af00000, 0x00000007c0000000, 0x00000007c0000000)
  eden space 1189888K, 0% used [0x000000076af00000,0x000000076af00000,0x00000007b3900000)
  from space 101376K, 0% used [0x00000007b9d00000,0x00000007b9d74010,0x00000007c0000000)
  to   space 101888K, 0% used [0x00000007b3900000,0x00000007b3900000,0x00000007b9c80000)
 ParOldGen       total 268800K, used 239368K [0x00000006c0c00000, 0x00000006d1280000, 0x000000076af00000)
  object space 268800K, 89% used [0x00000006c0c00000,0x00000006cf5c22e0,0x00000006d1280000)
 Metaspace       used 53390K, capacity 53883K, committed 54320K, reserved 1097728K
  class space    used 6461K, capacity 6615K, committed 6704K, reserved 1048576K
Event: 470.875 GC heap after
Heap after GC invocations=35 (full 9):
 PSYoungGen      total 1291264K, used 0K [0x000000076af00000, 0x00000007c0000000, 0x00000007c0000000)
  eden space 1189888K, 0% used [0x000000076af00000,0x000000076af00000,0x00000007b3900000)
  from space 101376K, 0% used [0x00000007b9d00000,0x00000007b9d00000,0x00000007c0000000)
  to   space 101888K, 0% used [0x00000007b3900000,0x00000007b3900000,0x00000007b9c80000)
 ParOldGen       total 268800K, used 238927K [0x00000006c0c00000, 0x00000006d1280000, 0x000000076af00000)
  object space 268800K, 88% used [0x00000006c0c00000,0x00000006cf553ff0,0x00000006d1280000)
 Metaspace       used 53390K, capacity 53883K, committed 54320K, reserved 1097728K
  class space    used 6461K, capacity 6615K, committed 6704K, reserved 1048576K
}
Event: 470.875 GC heap before
{Heap before GC invocations=36 (full 9):
 PSYoungGen      total 1291264K, used 0K [0x000000076af00000, 0x00000007c0000000, 0x00000007c0000000)
  eden space 1189888K, 0% used [0x000000076af00000,0x000000076af00000,0x00000007b3900000)
  from space 101376K, 0% used [0x00000007b9d00000,0x00000007b9d00000,0x00000007c0000000)
  to   space 101888K, 0% used [0x00000007b3900000,0x00000007b3900000,0x00000007b9c80000)
 ParOldGen       total 268800K, used 238927K [0x00000006c0c00000, 0x00000006d1280000, 0x000000076af00000)
  object space 268800K, 88% used [0x00000006c0c00000,0x00000006cf553ff0,0x00000006d1280000)
 Metaspace       used 53390K, capacity 53883K, committed 54320K, reserved 1097728K
  class space    used 6461K, capacity 6615K, committed 6704K, reserved 1048576K
Event: 470.876 GC heap after
Heap after GC invocations=36 (full 9):
 PSYoungGen      total 1291776K, used 0K [0x000000076af00000, 0x00000007c0000000, 0x00000007c0000000)
  eden space 1189888K, 0% used [0x000000076af00000,0x000000076af00000,0x00000007b3900000)
  from space 101888K, 0% used [0x00000007b3900000,0x00000007b3900000,0x00000007b9c80000)
  to   space 101888K, 0% used [0x00000007b9c80000,0x00000007b9c80000,0x00000007c0000000)
 ParOldGen       total 268800K, used 238927K [0x00000006c0c00000, 0x00000006d1280000, 0x000000076af00000)
  object space 268800K, 88% used [0x00000006c0c00000,0x00000006cf553ff0,0x00000006d1280000)
 Metaspace       used 53390K, capacity 53883K, committed 54320K, reserved 1097728K
  class space    used 6461K, capacity 6615K, committed 6704K, reserved 1048576K
}
Event: 470.876 GC heap before
{Heap before GC invocations=37 (full 10):
 PSYoungGen      total 1291776K, used 0K [0x000000076af00000, 0x00000007c0000000, 0x00000007c0000000)
  eden space 1189888K, 0% used [0x000000076af00000,0x000000076af00000,0x00000007b3900000)
  from space 101888K, 0% used [0x00000007b3900000,0x00000007b3900000,0x00000007b9c80000)
  to   space 101888K, 0% used [0x00000007b9c80000,0x00000007b9c80000,0x00000007c0000000)
 ParOldGen       total 268800K, used 238927K [0x00000006c0c00000, 0x00000006d1280000, 0x000000076af00000)
  object space 268800K, 88% used [0x00000006c0c00000,0x00000006cf553ff0,0x00000006d1280000)
 Metaspace       used 53390K, capacity 53883K, committed 54320K, reserved 1097728K
  class space    used 6461K, capacity 6615K, committed 6704K, reserved 1048576K
Event: 470.981 GC heap after
Heap after GC invocations=37 (full 10):
 PSYoungGen      total 1291776K, used 0K [0x000000076af00000, 0x00000007c0000000, 0x00000007c0000000)
  eden space 1189888K, 0% used [0x000000076af00000,0x000000076af00000,0x00000007b3900000)
  from space 101888K, 0% used [0x00000007b3900000,0x00000007b3900000,0x00000007b9c80000)
  to   space 101888K, 0% used [0x00000007b9c80000,0x00000007b9c80000,0x00000007c0000000)
 ParOldGen       total 268800K, used 238927K [0x00000006c0c00000, 0x00000006d1280000, 0x000000076af00000)
  object space 268800K, 88% used [0x00000006c0c00000,0x00000006cf553ff0,0x00000006d1280000)
 Metaspace       used 53390K, capacity 53883K, committed 54320K, reserved 1097728K
  class space    used 6461K, capacity 6615K, committed 6704K, reserved 1048576K
}

