# JRE version: Java(TM) SE Runtime Environment (8.0_45-b15) (build 1.8.0_45-b15)
# Java VM: Java HotSpot(TM) 64-Bit Server VM (25.45-b02 mixed mode windows-amd64 compressed oops)
Heap:
 PSYoungGen      total 1276416K, used 161637K [0x000000076af00000, 0x00000007c0000000, 0x00000007c0000000)
  eden space 1210368K, 7% used [0x000000076af00000,0x0000000770c9d810,0x00000007b4d00000)
  from space 66048K, 99% used [0x00000007b4d00000,0x00000007b8d3bf40,0x00000007b8d80000)
  to   space 97280K, 0% used [0x00000007ba100000,0x00000007ba100000,0x00000007c0000000)
 ParOldGen       total 254464K, used 190827K [0x00000006c0c00000, 0x00000006d0480000, 0x000000076af00000)
  object space 254464K, 74% used [0x00000006c0c00000,0x00000006cc65acc0,0x00000006d0480000)
 Metaspace       used 53892K, capacity 54287K, committed 54832K, reserved 1097728K
  class space    used 6515K, capacity 6645K, committed 6704K, reserved 1048576K
GC Heap History (10 events):
Event: 27.029 GC heap before
{Heap before GC invocations=23 (full 6):
 PSYoungGen      total 1241600K, used 55553K [0x000000076af00000, 0x00000007bbc80000, 0x00000007c0000000)
  eden space 1174528K, 0% used [0x000000076af00000,0x000000076af00000,0x00000007b2a00000)
  from space 67072K, 82% used [0x00000007b2a00000,0x00000007b6040480,0x00000007b6b80000)
  to   space 74752K, 0% used [0x00000007b7380000,0x00000007b7380000,0x00000007bbc80000)
 ParOldGen       total 254464K, used 142168K [0x00000006c0c00000, 0x00000006d0480000, 0x000000076af00000)
  object space 254464K, 55% used [0x00000006c0c00000,0x00000006c96d63d0,0x00000006d0480000)
 Metaspace       used 49339K, capacity 49747K, committed 50224K, reserved 1093632K
  class space    used 6235K, capacity 6379K, committed 6448K, reserved 1048576K
Event: 27.510 GC heap after
Heap after GC invocations=23 (full 6):
 PSYoungGen      total 1241600K, used 0K [0x000000076af00000, 0x00000007bbc80000, 0x00000007c0000000)
  eden space 1174528K, 0% used [0x000000076af00000,0x000000076af00000,0x00000007b2a00000)
  from space 67072K, 0% used [0x00000007b2a00000,0x00000007b2a00000,0x00000007b6b80000)
  to   space 74752K, 0% used [0x00000007b7380000,0x00000007b7380000,0x00000007bbc80000)
 ParOldGen       total 254464K, used 190811K [0x00000006c0c00000, 0x00000006d0480000, 0x000000076af00000)
  object space 254464K, 74% used [0x00000006c0c00000,0x00000006cc656cc0,0x00000006d0480000)
 Metaspace       used 49339K, capacity 49747K, committed 50224K, reserved 1093632K
  class space    used 6235K, capacity 6379K, committed 6448K, reserved 1048576K
}
Event: 50.925 GC heap before
{Heap before GC invocations=24 (full 6):
 PSYoungGen      total 1241600K, used 1174528K [0x000000076af00000, 0x00000007bbc80000, 0x00000007c0000000)
  eden space 1174528K, 100% used [0x000000076af00000,0x00000007b2a00000,0x00000007b2a00000)
  from space 67072K, 0% used [0x00000007b2a00000,0x00000007b2a00000,0x00000007b6b80000)
  to   space 74752K, 0% used [0x00000007b7380000,0x00000007b7380000,0x00000007bbc80000)
 ParOldGen       total 254464K, used 190811K [0x00000006c0c00000, 0x00000006d0480000, 0x000000076af00000)
  object space 254464K, 74% used [0x00000006c0c00000,0x00000006cc656cc0,0x00000006d0480000)
 Metaspace       used 52953K, capacity 53387K, committed 53808K, reserved 1095680K
  class space    used 6453K, capacity 6607K, committed 6704K, reserved 1048576K
Event: 50.941 GC heap after
Heap after GC invocations=24 (full 6):
 PSYoungGen      total 1244160K, used 55655K [0x000000076af00000, 0x00000007c0000000, 0x00000007c0000000)
  eden space 1169408K, 0% used [0x000000076af00000,0x000000076af00000,0x00000007b2500000)
  from space 74752K, 74% used [0x00000007b7380000,0x00000007ba9d9fc8,0x00000007bbc80000)
  to   space 80384K, 0% used [0x00000007b2500000,0x00000007b2500000,0x00000007b7380000)
 ParOldGen       total 254464K, used 190819K [0x00000006c0c00000, 0x00000006d0480000, 0x000000076af00000)
  object space 254464K, 74% used [0x00000006c0c00000,0x00000006cc658cc0,0x00000006d0480000)
 Metaspace       used 52953K, capacity 53387K, committed 53808K, reserved 1095680K
  class space    used 6453K, capacity 6607K, committed 6704K, reserved 1048576K
}
Event: 96.729 GC heap before
{Heap before GC invocations=25 (full 6):
 PSYoungGen      total 1244160K, used 1221449K [0x000000076af00000, 0x00000007c0000000, 0x00000007c0000000)
  eden space 1169408K, 99% used [0x000000076af00000,0x00000007b21785f0,0x00000007b2500000)
  from space 74752K, 74% used [0x00000007b7380000,0x00000007ba9d9fc8,0x00000007bbc80000)
  to   space 80384K, 0% used [0x00000007b2500000,0x00000007b2500000,0x00000007b7380000)
 ParOldGen       total 254464K, used 190819K [0x00000006c0c00000, 0x00000006d0480000, 0x000000076af00000)
  object space 254464K, 74% used [0x00000006c0c00000,0x00000006cc658cc0,0x00000006d0480000)
 Metaspace       used 53359K, capacity 53795K, committed 54320K, reserved 1097728K
  class space    used 6472K, capacity 6611K, committed 6704K, reserved 1048576K
Event: 96.743 GC heap after
Heap after GC invocations=25 (full 6):
 PSYoungGen      total 1249792K, used 59546K [0x000000076af00000, 0x00000007c0000000, 0x00000007c0000000)
  eden space 1169408K, 0% used [0x000000076af00000,0x000000076af00000,0x00000007b2500000)
  from space 80384K, 74% used [0x00000007b2500000,0x00000007b5f269f8,0x00000007b7380000)
  to   space 86528K, 0% used [0x00000007bab80000,0x00000007bab80000,0x00000007c0000000)
 ParOldGen       total 254464K, used 190827K [0x00000006c0c00000, 0x00000006d0480000, 0x000000076af00000)
  object space 254464K, 74% used [0x00000006c0c00000,0x00000006cc65acc0,0x00000006d0480000)
 Metaspace       used 53359K, capacity 53795K, committed 54320K, reserved 1097728K
  class space    used 6472K, capacity 6611K, committed 6704K, reserved 1048576K
}
Event: 133.878 GC heap before
{Heap before GC invocations=26 (full 6):
 PSYoungGen      total 1249792K, used 1228954K [0x000000076af00000, 0x00000007c0000000, 0x00000007c0000000)
  eden space 1169408K, 100% used [0x000000076af00000,0x00000007b2500000,0x00000007b2500000)
  from space 80384K, 74% used [0x00000007b2500000,0x00000007b5f269f8,0x00000007b7380000)
  to   space 86528K, 0% used [0x00000007bab80000,0x00000007bab80000,0x00000007c0000000)
 ParOldGen       total 254464K, used 190827K [0x00000006c0c00000, 0x00000006d0480000, 0x000000076af00000)
  object space 254464K, 74% used [0x00000006c0c00000,0x00000006cc65acc0,0x00000006d0480000)
 Metaspace       used 53760K, capacity 54159K, committed 54576K, reserved 1097728K
  class space    used 6504K, capacity 6645K, committed 6704K, reserved 1048576K
Event: 133.896 GC heap after
Heap after GC invocations=26 (full 6):
 PSYoungGen      total 1296896K, used 61855K [0x000000076af00000, 0x00000007c0000000, 0x00000007c0000000)
  eden space 1210368K, 0% used [0x000000076af00000,0x000000076af00000,0x00000007b4d00000)
  from space 86528K, 71% used [0x00000007bab80000,0x00000007be7e7ce0,0x00000007c0000000)
  to   space 91648K, 0% used [0x00000007b4d00000,0x00000007b4d00000,0x00000007ba680000)
 ParOldGen       total 254464K, used 190827K [0x00000006c0c00000, 0x00000006d0480000, 0x000000076af00000)
  object space 254464K, 74% used [0x00000006c0c00000,0x00000006cc65acc0,0x00000006d0480000)
 Metaspace       used 53760K, capacity 54159K, committed 54576K, reserved 1097728K
  class space    used 6504K, capacity 6645K, committed 6704K, reserved 1048576K
}
Event: 206.714 GC heap before
{Heap before GC invocations=27 (full 6):
 PSYoungGen      total 1296896K, used 1272223K [0x000000076af00000, 0x00000007c0000000, 0x00000007c0000000)
  eden space 1210368K, 100% used [0x000000076af00000,0x00000007b4d00000,0x00000007b4d00000)
  from space 86528K, 71% used [0x00000007bab80000,0x00000007be7e7ce0,0x00000007c0000000)
  to   space 91648K, 0% used [0x00000007b4d00000,0x00000007b4d00000,0x00000007ba680000)
 ParOldGen       total 254464K, used 190827K [0x00000006c0c00000, 0x00000006d0480000, 0x000000076af00000)
  object space 254464K, 74% used [0x00000006c0c00000,0x00000006cc65acc0,0x00000006d0480000)
 Metaspace       used 53841K, capacity 54223K, committed 54832K, reserved 1097728K
  class space    used 6505K, capacity 6645K, committed 6704K, reserved 1048576K
Event: 206.736 GC heap after
Heap after GC invocations=27 (full 6):
 PSYoungGen      total 1276416K, used 65775K [0x000000076af00000, 0x00000007c0000000, 0x00000007c0000000)
  eden space 1210368K, 0% used [0x000000076af00000,0x000000076af00000,0x00000007b4d00000)
  from space 66048K, 99% used [0x00000007b4d00000,0x00000007b8d3bf40,0x00000007b8d80000)
  to   space 97280K, 0% used [0x00000007ba100000,0x00000007ba100000,0x00000007c0000000)
 ParOldGen       total 254464K, used 190827K [0x00000006c0c00000, 0x00000006d0480000, 0x000000076af00000)
  object space 254464K, 74% used [0x00000006c0c00000,0x00000006cc65acc0,0x00000006d0480000)
 Metaspace       used 53841K, capacity 54223K, committed 54832K, reserved 1097728K
  class space    used 6505K, capacity 6645K, committed 6704K, reserved 1048576K
}

