# JRE version: Java(TM) SE Runtime Environment (8.0_45-b15) (build 1.8.0_45-b15)
# Java VM: Java HotSpot(TM) 64-Bit Server VM (25.45-b02 mixed mode windows-amd64 compressed oops)
Heap:
 PSYoungGen      total 1312768K, used 70125K [0x000000076af00000, 0x00000007c0000000, 0x00000007c0000000)
  eden space 1240064K, 5% used [0x000000076af00000,0x000000076f37b4d8,0x00000007b6a00000)
  from space 72704K, 0% used [0x00000007bb900000,0x00000007bb900000,0x00000007c0000000)
  to   space 76800K, 0% used [0x00000007b6a00000,0x00000007b6a00000,0x00000007bb500000)
 ParOldGen       total 237568K, used 231218K [0x00000006c0c00000, 0x00000006cf400000, 0x000000076af00000)
  object space 237568K, 97% used [0x00000006c0c00000,0x00000006cedcc948,0x00000006cf400000)
 Metaspace       used 52090K, capacity 52535K, committed 53040K, reserved 1095680K
  class space    used 6419K, capacity 6577K, committed 6704K, reserved 1048576K
GC Heap History (10 events):
Event: 21.677 GC heap before
{Heap before GC invocations=21 (full 5):
 PSYoungGen      total 1320448K, used 0K [0x000000076af00000, 0x00000007bf780000, 0x00000007c0000000)
  eden space 1255936K, 0% used [0x000000076af00000,0x000000076af00000,0x00000007b7980000)
  from space 64512K, 0% used [0x00000007bb880000,0x00000007bb880000,0x00000007bf780000)
  to   space 64512K, 0% used [0x00000007b7980000,0x00000007b7980000,0x00000007bb880000)
 ParOldGen       total 237568K, used 141630K [0x00000006c0c00000, 0x00000006cf400000, 0x000000076af00000)
  object space 237568K, 59% used [0x00000006c0c00000,0x00000006c964fb00,0x00000006cf400000)
 Metaspace       used 44997K, capacity 45443K, committed 45872K, reserved 1089536K
  class space    used 5769K, capacity 5917K, committed 5936K, reserved 1048576K
Event: 21.769 GC heap after
Heap after GC invocations=21 (full 5):
 PSYoungGen      total 1320448K, used 0K [0x000000076af00000, 0x00000007bf780000, 0x00000007c0000000)
  eden space 1255936K, 0% used [0x000000076af00000,0x000000076af00000,0x00000007b7980000)
  from space 64512K, 0% used [0x00000007bb880000,0x00000007bb880000,0x00000007bf780000)
  to   space 64512K, 0% used [0x00000007b7980000,0x00000007b7980000,0x00000007bb880000)
 ParOldGen       total 237568K, used 141630K [0x00000006c0c00000, 0x00000006cf400000, 0x000000076af00000)
  object space 237568K, 59% used [0x00000006c0c00000,0x00000006c964fb00,0x00000006cf400000)
 Metaspace       used 44997K, capacity 45443K, committed 45872K, reserved 1089536K
  class space    used 5769K, capacity 5917K, committed 5936K, reserved 1048576K
}
Event: 23.374 GC heap before
{Heap before GC invocations=22 (full 5):
 PSYoungGen      total 1320448K, used 603806K [0x000000076af00000, 0x00000007bf780000, 0x00000007c0000000)
  eden space 1255936K, 48% used [0x000000076af00000,0x000000078fca7898,0x00000007b7980000)
  from space 64512K, 0% used [0x00000007bb880000,0x00000007bb880000,0x00000007bf780000)
  to   space 64512K, 0% used [0x00000007b7980000,0x00000007b7980000,0x00000007bb880000)
 ParOldGen       total 237568K, used 141630K [0x00000006c0c00000, 0x00000006cf400000, 0x000000076af00000)
  object space 237568K, 59% used [0x00000006c0c00000,0x00000006c964fb00,0x00000006cf400000)
 Metaspace       used 49231K, capacity 49657K, committed 50224K, reserved 1093632K
  class space    used 6221K, capacity 6348K, committed 6448K, reserved 1048576K
Event: 23.391 GC heap after
Heap after GC invocations=22 (full 5):
 PSYoungGen      total 1320448K, used 54451K [0x000000076af00000, 0x00000007c0000000, 0x00000007c0000000)
  eden space 1255936K, 0% used [0x000000076af00000,0x000000076af00000,0x00000007b7980000)
  from space 64512K, 84% used [0x00000007b7980000,0x00000007baeacf30,0x00000007bb880000)
  to   space 72704K, 0% used [0x00000007bb900000,0x00000007bb900000,0x00000007c0000000)
 ParOldGen       total 237568K, used 141638K [0x00000006c0c00000, 0x00000006cf400000, 0x000000076af00000)
  object space 237568K, 59% used [0x00000006c0c00000,0x00000006c9651b00,0x00000006cf400000)
 Metaspace       used 49231K, capacity 49657K, committed 50224K, reserved 1093632K
  class space    used 6221K, capacity 6348K, committed 6448K, reserved 1048576K
}
Event: 23.391 GC heap before
{Heap before GC invocations=23 (full 6):
 PSYoungGen      total 1320448K, used 54451K [0x000000076af00000, 0x00000007c0000000, 0x00000007c0000000)
  eden space 1255936K, 0% used [0x000000076af00000,0x000000076af00000,0x00000007b7980000)
  from space 64512K, 84% used [0x00000007b7980000,0x00000007baeacf30,0x00000007bb880000)
  to   space 72704K, 0% used [0x00000007bb900000,0x00000007bb900000,0x00000007c0000000)
 ParOldGen       total 237568K, used 141638K [0x00000006c0c00000, 0x00000006cf400000, 0x000000076af00000)
  object space 237568K, 59% used [0x00000006c0c00000,0x00000006c9651b00,0x00000006cf400000)
 Metaspace       used 49231K, capacity 49657K, committed 50224K, reserved 1093632K
  class space    used 6221K, capacity 6348K, committed 6448K, reserved 1048576K
Event: 23.913 GC heap after
Heap after GC invocations=23 (full 6):
 PSYoungGen      total 1320448K, used 0K [0x000000076af00000, 0x00000007c0000000, 0x00000007c0000000)
  eden space 1255936K, 0% used [0x000000076af00000,0x000000076af00000,0x00000007b7980000)
  from space 64512K, 0% used [0x00000007b7980000,0x00000007b7980000,0x00000007bb880000)
  to   space 72704K, 0% used [0x00000007bb900000,0x00000007bb900000,0x00000007c0000000)
 ParOldGen       total 237568K, used 188493K [0x00000006c0c00000, 0x00000006cf400000, 0x000000076af00000)
  object space 237568K, 79% used [0x00000006c0c00000,0x00000006cc413528,0x00000006cf400000)
 Metaspace       used 49231K, capacity 49657K, committed 50224K, reserved 1093632K
  class space    used 6221K, capacity 6348K, committed 6448K, reserved 1048576K
}
Event: 32.537 GC heap before
{Heap before GC invocations=24 (full 6):
 PSYoungGen      total 1320448K, used 675787K [0x000000076af00000, 0x00000007c0000000, 0x00000007c0000000)
  eden space 1255936K, 53% used [0x000000076af00000,0x00000007942f2db0,0x00000007b7980000)
  from space 64512K, 0% used [0x00000007b7980000,0x00000007b7980000,0x00000007bb880000)
  to   space 72704K, 0% used [0x00000007bb900000,0x00000007bb900000,0x00000007c0000000)
 ParOldGen       total 237568K, used 188493K [0x00000006c0c00000, 0x00000006cf400000, 0x000000076af00000)
  object space 237568K, 79% used [0x00000006c0c00000,0x00000006cc413528,0x00000006cf400000)
 Metaspace       used 52064K, capacity 52535K, committed 53040K, reserved 1095680K
  class space    used 6416K, capacity 6577K, committed 6704K, reserved 1048576K
Event: 32.551 GC heap after
Heap after GC invocations=24 (full 6):
 PSYoungGen      total 1312768K, used 49703K [0x000000076af00000, 0x00000007c0000000, 0x00000007c0000000)
  eden space 1240064K, 0% used [0x000000076af00000,0x000000076af00000,0x00000007b6a00000)
  from space 72704K, 68% used [0x00000007bb900000,0x00000007be989c58,0x00000007c0000000)
  to   space 76800K, 0% used [0x00000007b6a00000,0x00000007b6a00000,0x00000007bb500000)
 ParOldGen       total 237568K, used 188501K [0x00000006c0c00000, 0x00000006cf400000, 0x000000076af00000)
  object space 237568K, 79% used [0x00000006c0c00000,0x00000006cc415528,0x00000006cf400000)
 Metaspace       used 52064K, capacity 52535K, committed 53040K, reserved 1095680K
  class space    used 6416K, capacity 6577K, committed 6704K, reserved 1048576K
}
Event: 32.551 GC heap before
{Heap before GC invocations=25 (full 7):
 PSYoungGen      total 1312768K, used 49703K [0x000000076af00000, 0x00000007c0000000, 0x00000007c0000000)
  eden space 1240064K, 0% used [0x000000076af00000,0x000000076af00000,0x00000007b6a00000)
  from space 72704K, 68% used [0x00000007bb900000,0x00000007be989c58,0x00000007c0000000)
  to   space 76800K, 0% used [0x00000007b6a00000,0x00000007b6a00000,0x00000007bb500000)
 ParOldGen       total 237568K, used 188501K [0x00000006c0c00000, 0x00000006cf400000, 0x000000076af00000)
  object space 237568K, 79% used [0x00000006c0c00000,0x00000006cc415528,0x00000006cf400000)
 Metaspace       used 52064K, capacity 52535K, committed 53040K, reserved 1095680K
  class space    used 6416K, capacity 6577K, committed 6704K, reserved 1048576K
Event: 32.922 GC heap after
Heap after GC invocations=25 (full 7):
 PSYoungGen      total 1312768K, used 0K [0x000000076af00000, 0x00000007c0000000, 0x00000007c0000000)
  eden space 1240064K, 0% used [0x000000076af00000,0x000000076af00000,0x00000007b6a00000)
  from space 72704K, 0% used [0x00000007bb900000,0x00000007bb900000,0x00000007c0000000)
  to   space 76800K, 0% used [0x00000007b6a00000,0x00000007b6a00000,0x00000007bb500000)
 ParOldGen       total 237568K, used 231218K [0x00000006c0c00000, 0x00000006cf400000, 0x000000076af00000)
  object space 237568K, 97% used [0x00000006c0c00000,0x00000006cedcc948,0x00000006cf400000)
 Metaspace       used 52064K, capacity 52535K, committed 53040K, reserved 1095680K
  class space    used 6416K, capacity 6577K, committed 6704K, reserved 1048576K
}

