# JRE version: Java(TM) SE Runtime Environment (8.0_45-b15) (build 1.8.0_45-b15)
# Java VM: Java HotSpot(TM) 64-Bit Server VM (25.45-b02 mixed mode windows-amd64 compressed oops)
Heap:
 PSYoungGen      total 1197568K, used 381739K [0x000000076af00000, 0x00000007c0000000, 0x00000007c0000000)
  eden space 1123328K, 29% used [0x000000076af00000,0x000000077f571e50,0x00000007af800000)
  from space 74240K, 63% used [0x00000007b4300000,0x00000007b7158ea0,0x00000007b8b80000)
  to   space 76800K, 0% used [0x00000007af800000,0x00000007af800000,0x00000007b4300000)
 ParOldGen       total 257536K, used 193211K [0x00000006c0c00000, 0x00000006d0780000, 0x000000076af00000)
  object space 257536K, 75% used [0x00000006c0c00000,0x00000006cc8aef90,0x00000006d0780000)
 Metaspace       used 53033K, capacity 53503K, committed 54064K, reserved 1097728K
  class space    used 6450K, capacity 6605K, committed 6704K, reserved 1048576K
GC Heap History (10 events):
Event: 18.521 GC heap before
{Heap before GC invocations=20 (full 4):
 PSYoungGen      total 1190400K, used 0K [0x000000076af00000, 0x00000007b7a80000, 0x00000007c0000000)
  eden space 1125888K, 0% used [0x000000076af00000,0x000000076af00000,0x00000007afa80000)
  from space 64512K, 0% used [0x00000007afa80000,0x00000007afa80000,0x00000007b3980000)
  to   space 65536K, 0% used [0x00000007b3a80000,0x00000007b3a80000,0x00000007b7a80000)
 ParOldGen       total 257536K, used 142730K [0x00000006c0c00000, 0x00000006d0780000, 0x000000076af00000)
  object space 257536K, 55% used [0x00000006c0c00000,0x00000006c9762828,0x00000006d0780000)
 Metaspace       used 44952K, capacity 45443K, committed 45872K, reserved 1089536K
  class space    used 5772K, capacity 5917K, committed 5936K, reserved 1048576K
Event: 18.522 GC heap after
Heap after GC invocations=20 (full 4):
 PSYoungGen      total 1190912K, used 0K [0x000000076af00000, 0x00000007b7b80000, 0x00000007c0000000)
  eden space 1125376K, 0% used [0x000000076af00000,0x000000076af00000,0x00000007afa00000)
  from space 65536K, 0% used [0x00000007b3a80000,0x00000007b3a80000,0x00000007b7a80000)
  to   space 66048K, 0% used [0x00000007afa00000,0x00000007afa00000,0x00000007b3a80000)
 ParOldGen       total 257536K, used 142730K [0x00000006c0c00000, 0x00000006d0780000, 0x000000076af00000)
  object space 257536K, 55% used [0x00000006c0c00000,0x00000006c9762828,0x00000006d0780000)
 Metaspace       used 44952K, capacity 45443K, committed 45872K, reserved 1089536K
  class space    used 5772K, capacity 5917K, committed 5936K, reserved 1048576K
}
Event: 18.522 GC heap before
{Heap before GC invocations=21 (full 5):
 PSYoungGen      total 1190912K, used 0K [0x000000076af00000, 0x00000007b7b80000, 0x00000007c0000000)
  eden space 1125376K, 0% used [0x000000076af00000,0x000000076af00000,0x00000007afa00000)
  from space 65536K, 0% used [0x00000007b3a80000,0x00000007b3a80000,0x00000007b7a80000)
  to   space 66048K, 0% used [0x00000007afa00000,0x00000007afa00000,0x00000007b3a80000)
 ParOldGen       total 257536K, used 142730K [0x00000006c0c00000, 0x00000006d0780000, 0x000000076af00000)
  object space 257536K, 55% used [0x00000006c0c00000,0x00000006c9762828,0x00000006d0780000)
 Metaspace       used 44952K, capacity 45443K, committed 45872K, reserved 1089536K
  class space    used 5772K, capacity 5917K, committed 5936K, reserved 1048576K
Event: 18.611 GC heap after
Heap after GC invocations=21 (full 5):
 PSYoungGen      total 1190912K, used 0K [0x000000076af00000, 0x00000007b7b80000, 0x00000007c0000000)
  eden space 1125376K, 0% used [0x000000076af00000,0x000000076af00000,0x00000007afa00000)
  from space 65536K, 0% used [0x00000007b3a80000,0x00000007b3a80000,0x00000007b7a80000)
  to   space 66048K, 0% used [0x00000007afa00000,0x00000007afa00000,0x00000007b3a80000)
 ParOldGen       total 257536K, used 142730K [0x00000006c0c00000, 0x00000006d0780000, 0x000000076af00000)
  object space 257536K, 55% used [0x00000006c0c00000,0x00000006c9762828,0x00000006d0780000)
 Metaspace       used 44952K, capacity 45443K, committed 45872K, reserved 1089536K
  class space    used 5772K, capacity 5917K, committed 5936K, reserved 1048576K
}
Event: 20.476 GC heap before
{Heap before GC invocations=22 (full 5):
 PSYoungGen      total 1190912K, used 589241K [0x000000076af00000, 0x00000007b7b80000, 0x00000007c0000000)
  eden space 1125376K, 52% used [0x000000076af00000,0x000000078ee6e618,0x00000007afa00000)
  from space 65536K, 0% used [0x00000007b3a80000,0x00000007b3a80000,0x00000007b7a80000)
  to   space 66048K, 0% used [0x00000007afa00000,0x00000007afa00000,0x00000007b3a80000)
 ParOldGen       total 257536K, used 142730K [0x00000006c0c00000, 0x00000006d0780000, 0x000000076af00000)
  object space 257536K, 55% used [0x00000006c0c00000,0x00000006c9762828,0x00000006d0780000)
 Metaspace       used 49199K, capacity 49671K, committed 49968K, reserved 1093632K
  class space    used 6217K, capacity 6377K, committed 6448K, reserved 1048576K
Event: 20.492 GC heap after
Heap after GC invocations=22 (full 5):
 PSYoungGen      total 1191424K, used 56754K [0x000000076af00000, 0x00000007b8b80000, 0x00000007c0000000)
  eden space 1125376K, 0% used [0x000000076af00000,0x000000076af00000,0x00000007afa00000)
  from space 66048K, 85% used [0x00000007afa00000,0x00000007b316c820,0x00000007b3a80000)
  to   space 74240K, 0% used [0x00000007b4300000,0x00000007b4300000,0x00000007b8b80000)
 ParOldGen       total 257536K, used 142738K [0x00000006c0c00000, 0x00000006d0780000, 0x000000076af00000)
  object space 257536K, 55% used [0x00000006c0c00000,0x00000006c9764828,0x00000006d0780000)
 Metaspace       used 49199K, capacity 49671K, committed 49968K, reserved 1093632K
  class space    used 6217K, capacity 6377K, committed 6448K, reserved 1048576K
}
Event: 20.492 GC heap before
{Heap before GC invocations=23 (full 6):
 PSYoungGen      total 1191424K, used 56754K [0x000000076af00000, 0x00000007b8b80000, 0x00000007c0000000)
  eden space 1125376K, 0% used [0x000000076af00000,0x000000076af00000,0x00000007afa00000)
  from space 66048K, 85% used [0x00000007afa00000,0x00000007b316c820,0x00000007b3a80000)
  to   space 74240K, 0% used [0x00000007b4300000,0x00000007b4300000,0x00000007b8b80000)
 ParOldGen       total 257536K, used 142738K [0x00000006c0c00000, 0x00000006d0780000, 0x000000076af00000)
  object space 257536K, 55% used [0x00000006c0c00000,0x00000006c9764828,0x00000006d0780000)
 Metaspace       used 49199K, capacity 49671K, committed 49968K, reserved 1093632K
  class space    used 6217K, capacity 6377K, committed 6448K, reserved 1048576K
Event: 20.989 GC heap after
Heap after GC invocations=23 (full 6):
 PSYoungGen      total 1191424K, used 0K [0x000000076af00000, 0x00000007b8b80000, 0x00000007c0000000)
  eden space 1125376K, 0% used [0x000000076af00000,0x000000076af00000,0x00000007afa00000)
  from space 66048K, 0% used [0x00000007afa00000,0x00000007afa00000,0x00000007b3a80000)
  to   space 74240K, 0% used [0x00000007b4300000,0x00000007b4300000,0x00000007b8b80000)
 ParOldGen       total 257536K, used 193203K [0x00000006c0c00000, 0x00000006d0780000, 0x000000076af00000)
  object space 257536K, 75% used [0x00000006c0c00000,0x00000006cc8acf90,0x00000006d0780000)
 Metaspace       used 49199K, capacity 49671K, committed 49968K, reserved 1093632K
  class space    used 6217K, capacity 6377K, committed 6448K, reserved 1048576K
}
Event: 30.899 GC heap before
{Heap before GC invocations=24 (full 6):
 PSYoungGen      total 1191424K, used 1125376K [0x000000076af00000, 0x00000007b8b80000, 0x00000007c0000000)
  eden space 1125376K, 100% used [0x000000076af00000,0x00000007afa00000,0x00000007afa00000)
  from space 66048K, 0% used [0x00000007afa00000,0x00000007afa00000,0x00000007b3a80000)
  to   space 74240K, 0% used [0x00000007b4300000,0x00000007b4300000,0x00000007b8b80000)
 ParOldGen       total 257536K, used 193203K [0x00000006c0c00000, 0x00000006d0780000, 0x000000076af00000)
  object space 257536K, 75% used [0x00000006c0c00000,0x00000006cc8acf90,0x00000006d0780000)
 Metaspace       used 52378K, capacity 52767K, committed 53168K, reserved 1095680K
  class space    used 6427K, capacity 6573K, committed 6576K, reserved 1048576K
Event: 30.912 GC heap after
Heap after GC invocations=24 (full 6):
 PSYoungGen      total 1197568K, used 47459K [0x000000076af00000, 0x00000007c0000000, 0x00000007c0000000)
  eden space 1123328K, 0% used [0x000000076af00000,0x000000076af00000,0x00000007af800000)
  from space 74240K, 63% used [0x00000007b4300000,0x00000007b7158ea0,0x00000007b8b80000)
  to   space 76800K, 0% used [0x00000007af800000,0x00000007af800000,0x00000007b4300000)
 ParOldGen       total 257536K, used 193211K [0x00000006c0c00000, 0x00000006d0780000, 0x000000076af00000)
  object space 257536K, 75% used [0x00000006c0c00000,0x00000006cc8aef90,0x00000006d0780000)
 Metaspace       used 52378K, capacity 52767K, committed 53168K, reserved 1095680K
  class space    used 6427K, capacity 6573K, committed 6576K, reserved 1048576K
}

