# JRE version: Java(TM) SE Runtime Environment (8.0_45-b15) (build 1.8.0_45-b15)
# Java VM: Java HotSpot(TM) 64-Bit Server VM (25.45-b02 mixed mode windows-amd64 compressed oops)
Heap:
 PSYoungGen      total 1310720K, used 41758K [0x000000076af00000, 0x00000007c0000000, 0x00000007c0000000)
  eden space 1227776K, 3% used [0x000000076af00000,0x000000076d7c7b00,0x00000007b5e00000)
  from space 82944K, 0% used [0x00000007b5e00000,0x00000007b5e00000,0x00000007baf00000)
  to   space 82432K, 0% used [0x00000007baf80000,0x00000007baf80000,0x00000007c0000000)
 ParOldGen       total 253952K, used 236656K [0x00000006c0c00000, 0x00000006d0400000, 0x000000076af00000)
  object space 253952K, 93% used [0x00000006c0c00000,0x00000006cf31c088,0x00000006d0400000)
 Metaspace       used 53376K, capacity 53803K, committed 54320K, reserved 1097728K
  class space    used 6492K, capacity 6639K, committed 6704K, reserved 1048576K
GC Heap History (10 events):
Event: 70.481 GC heap before
{Heap before GC invocations=27 (full 7):
 PSYoungGen      total 1230336K, used 6441K [0x000000076af00000, 0x00000007c0000000, 0x00000007c0000000)
  eden space 1152512K, 0% used [0x000000076af00000,0x000000076b54a5e0,0x00000007b1480000)
  from space 77824K, 0% used [0x00000007b1480000,0x00000007b1480000,0x00000007b6080000)
  to   space 82432K, 0% used [0x00000007baf80000,0x00000007baf80000,0x00000007c0000000)
 ParOldGen       total 253952K, used 237607K [0x00000006c0c00000, 0x00000006d0400000, 0x000000076af00000)
  object space 253952K, 93% used [0x00000006c0c00000,0x00000006cf409db0,0x00000006d0400000)
 Metaspace       used 53190K, capacity 53611K, committed 54064K, reserved 1097728K
  class space    used 6477K, capacity 6639K, committed 6704K, reserved 1048576K
Event: 70.483 GC heap after
Heap after GC invocations=27 (full 7):
 PSYoungGen      total 1310208K, used 32K [0x000000076af00000, 0x00000007c0000000, 0x00000007c0000000)
  eden space 1227776K, 0% used [0x000000076af00000,0x000000076af00000,0x00000007b5e00000)
  from space 82432K, 0% used [0x00000007baf80000,0x00000007baf88000,0x00000007c0000000)
  to   space 82944K, 0% used [0x00000007b5e00000,0x00000007b5e00000,0x00000007baf00000)
 ParOldGen       total 253952K, used 237607K [0x00000006c0c00000, 0x00000006d0400000, 0x000000076af00000)
  object space 253952K, 93% used [0x00000006c0c00000,0x00000006cf409db0,0x00000006d0400000)
 Metaspace       used 53190K, capacity 53611K, committed 54064K, reserved 1097728K
  class space    used 6477K, capacity 6639K, committed 6704K, reserved 1048576K
}
Event: 70.483 GC heap before
{Heap before GC invocations=28 (full 8):
 PSYoungGen      total 1310208K, used 32K [0x000000076af00000, 0x00000007c0000000, 0x00000007c0000000)
  eden space 1227776K, 0% used [0x000000076af00000,0x000000076af00000,0x00000007b5e00000)
  from space 82432K, 0% used [0x00000007baf80000,0x00000007baf88000,0x00000007c0000000)
  to   space 82944K, 0% used [0x00000007b5e00000,0x00000007b5e00000,0x00000007baf00000)
 ParOldGen       total 253952K, used 237607K [0x00000006c0c00000, 0x00000006d0400000, 0x000000076af00000)
  object space 253952K, 93% used [0x00000006c0c00000,0x00000006cf409db0,0x00000006d0400000)
 Metaspace       used 53190K, capacity 53611K, committed 54064K, reserved 1097728K
  class space    used 6477K, capacity 6639K, committed 6704K, reserved 1048576K
Event: 70.640 GC heap after
Heap after GC invocations=28 (full 8):
 PSYoungGen      total 1310208K, used 0K [0x000000076af00000, 0x00000007c0000000, 0x00000007c0000000)
  eden space 1227776K, 0% used [0x000000076af00000,0x000000076af00000,0x00000007b5e00000)
  from space 82432K, 0% used [0x00000007baf80000,0x00000007baf80000,0x00000007c0000000)
  to   space 82944K, 0% used [0x00000007b5e00000,0x00000007b5e00000,0x00000007baf00000)
 ParOldGen       total 253952K, used 237607K [0x00000006c0c00000, 0x00000006d0400000, 0x000000076af00000)
  object space 253952K, 93% used [0x00000006c0c00000,0x00000006cf409d88,0x00000006d0400000)
 Metaspace       used 53190K, capacity 53611K, committed 54064K, reserved 1097728K
  class space    used 6477K, capacity 6639K, committed 6704K, reserved 1048576K
}
Event: 71.111 GC heap before
{Heap before GC invocations=29 (full 9):
 PSYoungGen      total 1310208K, used 56796K [0x000000076af00000, 0x00000007c0000000, 0x00000007c0000000)
  eden space 1227776K, 4% used [0x000000076af00000,0x000000076e6772f8,0x00000007b5e00000)
  from space 82432K, 0% used [0x00000007baf80000,0x00000007baf80000,0x00000007c0000000)
  to   space 82944K, 0% used [0x00000007b5e00000,0x00000007b5e00000,0x00000007baf00000)
 ParOldGen       total 253952K, used 237607K [0x00000006c0c00000, 0x00000006d0400000, 0x000000076af00000)
  object space 253952K, 93% used [0x00000006c0c00000,0x00000006cf409d88,0x00000006d0400000)
 Metaspace       used 53335K, capacity 53739K, committed 54320K, reserved 1097728K
  class space    used 6487K, capacity 6639K, committed 6704K, reserved 1048576K
Event: 71.420 GC heap after
Heap after GC invocations=29 (full 9):
 PSYoungGen      total 1310208K, used 0K [0x000000076af00000, 0x00000007c0000000, 0x00000007c0000000)
  eden space 1227776K, 0% used [0x000000076af00000,0x000000076af00000,0x00000007b5e00000)
  from space 82432K, 0% used [0x00000007baf80000,0x00000007baf80000,0x00000007c0000000)
  to   space 82944K, 0% used [0x00000007b5e00000,0x00000007b5e00000,0x00000007baf00000)
 ParOldGen       total 253952K, used 236656K [0x00000006c0c00000, 0x00000006d0400000, 0x000000076af00000)
  object space 253952K, 93% used [0x00000006c0c00000,0x00000006cf31c180,0x00000006d0400000)
 Metaspace       used 53335K, capacity 53739K, committed 54320K, reserved 1097728K
  class space    used 6487K, capacity 6639K, committed 6704K, reserved 1048576K
}
Event: 71.420 GC heap before
{Heap before GC invocations=30 (full 9):
 PSYoungGen      total 1310208K, used 0K [0x000000076af00000, 0x00000007c0000000, 0x00000007c0000000)
  eden space 1227776K, 0% used [0x000000076af00000,0x000000076af00000,0x00000007b5e00000)
  from space 82432K, 0% used [0x00000007baf80000,0x00000007baf80000,0x00000007c0000000)
  to   space 82944K, 0% used [0x00000007b5e00000,0x00000007b5e00000,0x00000007baf00000)
 ParOldGen       total 253952K, used 236656K [0x00000006c0c00000, 0x00000006d0400000, 0x000000076af00000)
  object space 253952K, 93% used [0x00000006c0c00000,0x00000006cf31c180,0x00000006d0400000)
 Metaspace       used 53335K, capacity 53739K, committed 54320K, reserved 1097728K
  class space    used 6487K, capacity 6639K, committed 6704K, reserved 1048576K
Event: 71.422 GC heap after
Heap after GC invocations=30 (full 9):
 PSYoungGen      total 1310720K, used 0K [0x000000076af00000, 0x00000007c0000000, 0x00000007c0000000)
  eden space 1227776K, 0% used [0x000000076af00000,0x000000076af00000,0x00000007b5e00000)
  from space 82944K, 0% used [0x00000007b5e00000,0x00000007b5e00000,0x00000007baf00000)
  to   space 82432K, 0% used [0x00000007baf80000,0x00000007baf80000,0x00000007c0000000)
 ParOldGen       total 253952K, used 236656K [0x00000006c0c00000, 0x00000006d0400000, 0x000000076af00000)
  object space 253952K, 93% used [0x00000006c0c00000,0x00000006cf31c180,0x00000006d0400000)
 Metaspace       used 53335K, capacity 53739K, committed 54320K, reserved 1097728K
  class space    used 6487K, capacity 6639K, committed 6704K, reserved 1048576K
}
Event: 71.422 GC heap before
{Heap before GC invocations=31 (full 10):
 PSYoungGen      total 1310720K, used 0K [0x000000076af00000, 0x00000007c0000000, 0x00000007c0000000)
  eden space 1227776K, 0% used [0x000000076af00000,0x000000076af00000,0x00000007b5e00000)
  from space 82944K, 0% used [0x00000007b5e00000,0x00000007b5e00000,0x00000007baf00000)
  to   space 82432K, 0% used [0x00000007baf80000,0x00000007baf80000,0x00000007c0000000)
 ParOldGen       total 253952K, used 236656K [0x00000006c0c00000, 0x00000006d0400000, 0x000000076af00000)
  object space 253952K, 93% used [0x00000006c0c00000,0x00000006cf31c180,0x00000006d0400000)
 Metaspace       used 53335K, capacity 53739K, committed 54320K, reserved 1097728K
  class space    used 6487K, capacity 6639K, committed 6704K, reserved 1048576K
Event: 71.542 GC heap after
Heap after GC invocations=31 (full 10):
 PSYoungGen      total 1310720K, used 0K [0x000000076af00000, 0x00000007c0000000, 0x00000007c0000000)
  eden space 1227776K, 0% used [0x000000076af00000,0x000000076af00000,0x00000007b5e00000)
  from space 82944K, 0% used [0x00000007b5e00000,0x00000007b5e00000,0x00000007baf00000)
  to   space 82432K, 0% used [0x00000007baf80000,0x00000007baf80000,0x00000007c0000000)
 ParOldGen       total 253952K, used 236656K [0x00000006c0c00000, 0x00000006d0400000, 0x000000076af00000)
  object space 253952K, 93% used [0x00000006c0c00000,0x00000006cf31c088,0x00000006d0400000)
 Metaspace       used 53335K, capacity 53739K, committed 54320K, reserved 1097728K
  class space    used 6487K, capacity 6639K, committed 6704K, reserved 1048576K
}

