# JRE version: Java(TM) SE Runtime Environment (8.0_45-b15) (build 1.8.0_45-b15)
# Java VM: Java HotSpot(TM) 64-Bit Server VM (25.45-b02 mixed mode windows-amd64 compressed oops)
Heap:
 PSYoungGen      total 1174528K, used 58669K [0x000000076af00000, 0x00000007c0000000, 0x00000007c0000000)
  eden space 1096192K, 5% used [0x000000076af00000,0x000000076e84b638,0x00000007add80000)
  from space 78336K, 0% used [0x00000007add80000,0x00000007add80000,0x00000007b2a00000)
  to   space 83456K, 0% used [0x00000007bae80000,0x00000007bae80000,0x00000007c0000000)
 ParOldGen       total 260096K, used 237278K [0x00000006c0c00000, 0x00000006d0a00000, 0x000000076af00000)
  object space 260096K, 91% used [0x00000006c0c00000,0x00000006cf3b7a40,0x00000006d0a00000)
 Metaspace       used 53335K, capacity 53707K, committed 54320K, reserved 1097728K
  class space    used 6476K, capacity 6607K, committed 6704K, reserved 1048576K
GC Heap History (10 events):
Event: 26.633 GC heap before
{Heap before GC invocations=22 (full 5):
 PSYoungGen      total 1165312K, used 605777K [0x000000076af00000, 0x00000007b6300000, 0x00000007c0000000)
  eden space 1100800K, 55% used [0x000000076af00000,0x000000078fe946f0,0x00000007ae200000)
  from space 64512K, 0% used [0x00000007b2200000,0x00000007b2200000,0x00000007b6100000)
  to   space 65536K, 0% used [0x00000007ae200000,0x00000007ae200000,0x00000007b2200000)
 ParOldGen       total 260096K, used 142659K [0x00000006c0c00000, 0x00000006d0a00000, 0x000000076af00000)
  object space 260096K, 54% used [0x00000006c0c00000,0x00000006c9750f90,0x00000006d0a00000)
 Metaspace       used 49319K, capacity 49747K, committed 50224K, reserved 1093632K
  class space    used 6235K, capacity 6379K, committed 6448K, reserved 1048576K
Event: 26.650 GC heap after
Heap after GC invocations=22 (full 5):
 PSYoungGen      total 1166336K, used 54226K [0x000000076af00000, 0x00000007b7100000, 0x00000007c0000000)
  eden space 1100800K, 0% used [0x000000076af00000,0x000000076af00000,0x00000007ae200000)
  from space 65536K, 82% used [0x00000007ae200000,0x00000007b16f4818,0x00000007b2200000)
  to   space 72704K, 0% used [0x00000007b2a00000,0x00000007b2a00000,0x00000007b7100000)
 ParOldGen       total 260096K, used 142667K [0x00000006c0c00000, 0x00000006d0a00000, 0x000000076af00000)
  object space 260096K, 54% used [0x00000006c0c00000,0x00000006c9752f90,0x00000006d0a00000)
 Metaspace       used 49319K, capacity 49747K, committed 50224K, reserved 1093632K
  class space    used 6235K, capacity 6379K, committed 6448K, reserved 1048576K
}
Event: 26.650 GC heap before
{Heap before GC invocations=23 (full 6):
 PSYoungGen      total 1166336K, used 54226K [0x000000076af00000, 0x00000007b7100000, 0x00000007c0000000)
  eden space 1100800K, 0% used [0x000000076af00000,0x000000076af00000,0x00000007ae200000)
  from space 65536K, 82% used [0x00000007ae200000,0x00000007b16f4818,0x00000007b2200000)
  to   space 72704K, 0% used [0x00000007b2a00000,0x00000007b2a00000,0x00000007b7100000)
 ParOldGen       total 260096K, used 142667K [0x00000006c0c00000, 0x00000006d0a00000, 0x000000076af00000)
  object space 260096K, 54% used [0x00000006c0c00000,0x00000006c9752f90,0x00000006d0a00000)
 Metaspace       used 49319K, capacity 49747K, committed 50224K, reserved 1093632K
  class space    used 6235K, capacity 6379K, committed 6448K, reserved 1048576K
Event: 27.169 GC heap after
Heap after GC invocations=23 (full 6):
 PSYoungGen      total 1166336K, used 0K [0x000000076af00000, 0x00000007b7100000, 0x00000007c0000000)
  eden space 1100800K, 0% used [0x000000076af00000,0x000000076af00000,0x00000007ae200000)
  from space 65536K, 0% used [0x00000007ae200000,0x00000007ae200000,0x00000007b2200000)
  to   space 72704K, 0% used [0x00000007b2a00000,0x00000007b2a00000,0x00000007b7100000)
 ParOldGen       total 260096K, used 190880K [0x00000006c0c00000, 0x00000006d0a00000, 0x000000076af00000)
  object space 260096K, 73% used [0x00000006c0c00000,0x00000006cc668358,0x00000006d0a00000)
 Metaspace       used 49319K, capacity 49747K, committed 50224K, reserved 1093632K
  class space    used 6235K, capacity 6379K, committed 6448K, reserved 1048576K
}
Event: 49.344 GC heap before
{Heap before GC invocations=24 (full 6):
 PSYoungGen      total 1166336K, used 1100800K [0x000000076af00000, 0x00000007b7100000, 0x00000007c0000000)
  eden space 1100800K, 100% used [0x000000076af00000,0x00000007ae200000,0x00000007ae200000)
  from space 65536K, 0% used [0x00000007ae200000,0x00000007ae200000,0x00000007b2200000)
  to   space 72704K, 0% used [0x00000007b2a00000,0x00000007b2a00000,0x00000007b7100000)
 ParOldGen       total 260096K, used 190880K [0x00000006c0c00000, 0x00000006d0a00000, 0x000000076af00000)
  object space 260096K, 73% used [0x00000006c0c00000,0x00000006cc668358,0x00000006d0a00000)
 Metaspace       used 53121K, capacity 53579K, committed 54064K, reserved 1097728K
  class space    used 6463K, capacity 6607K, committed 6704K, reserved 1048576K
Event: 49.360 GC heap after
Heap after GC invocations=24 (full 6):
 PSYoungGen      total 1168896K, used 54603K [0x000000076af00000, 0x00000007c0000000, 0x00000007c0000000)
  eden space 1096192K, 0% used [0x000000076af00000,0x000000076af00000,0x00000007add80000)
  from space 72704K, 75% used [0x00000007b2a00000,0x00000007b5f52c28,0x00000007b7100000)
  to   space 78336K, 0% used [0x00000007add80000,0x00000007add80000,0x00000007b2a00000)
 ParOldGen       total 260096K, used 190888K [0x00000006c0c00000, 0x00000006d0a00000, 0x000000076af00000)
  object space 260096K, 73% used [0x00000006c0c00000,0x00000006cc66a358,0x00000006d0a00000)
 Metaspace       used 53121K, capacity 53579K, committed 54064K, reserved 1097728K
  class space    used 6463K, capacity 6607K, committed 6704K, reserved 1048576K
}
Event: 61.982 GC heap before
{Heap before GC invocations=25 (full 6):
 PSYoungGen      total 1168896K, used 265182K [0x000000076af00000, 0x00000007c0000000, 0x00000007c0000000)
  eden space 1096192K, 19% used [0x000000076af00000,0x0000000777ca4d50,0x00000007add80000)
  from space 72704K, 75% used [0x00000007b2a00000,0x00000007b5f52c28,0x00000007b7100000)
  to   space 78336K, 0% used [0x00000007add80000,0x00000007add80000,0x00000007b2a00000)
 ParOldGen       total 260096K, used 190888K [0x00000006c0c00000, 0x00000006d0a00000, 0x000000076af00000)
  object space 260096K, 73% used [0x00000006c0c00000,0x00000006cc66a358,0x00000006d0a00000)
 Metaspace       used 53310K, capacity 53707K, committed 54320K, reserved 1097728K
  class space    used 6473K, capacity 6607K, committed 6704K, reserved 1048576K
Event: 62.002 GC heap after
Heap after GC invocations=25 (full 6):
 PSYoungGen      total 1174528K, used 56199K [0x000000076af00000, 0x00000007c0000000, 0x00000007c0000000)
  eden space 1096192K, 0% used [0x000000076af00000,0x000000076af00000,0x00000007add80000)
  from space 78336K, 71% used [0x00000007add80000,0x00000007b1461f80,0x00000007b2a00000)
  to   space 83456K, 0% used [0x00000007bae80000,0x00000007bae80000,0x00000007c0000000)
 ParOldGen       total 260096K, used 190896K [0x00000006c0c00000, 0x00000006d0a00000, 0x000000076af00000)
  object space 260096K, 73% used [0x00000006c0c00000,0x00000006cc66c358,0x00000006d0a00000)
 Metaspace       used 53310K, capacity 53707K, committed 54320K, reserved 1097728K
  class space    used 6473K, capacity 6607K, committed 6704K, reserved 1048576K
}
Event: 62.002 GC heap before
{Heap before GC invocations=26 (full 7):
 PSYoungGen      total 1174528K, used 56199K [0x000000076af00000, 0x00000007c0000000, 0x00000007c0000000)
  eden space 1096192K, 0% used [0x000000076af00000,0x000000076af00000,0x00000007add80000)
  from space 78336K, 71% used [0x00000007add80000,0x00000007b1461f80,0x00000007b2a00000)
  to   space 83456K, 0% used [0x00000007bae80000,0x00000007bae80000,0x00000007c0000000)
 ParOldGen       total 260096K, used 190896K [0x00000006c0c00000, 0x00000006d0a00000, 0x000000076af00000)
  object space 260096K, 73% used [0x00000006c0c00000,0x00000006cc66c358,0x00000006d0a00000)
 Metaspace       used 53310K, capacity 53707K, committed 54320K, reserved 1097728K
  class space    used 6473K, capacity 6607K, committed 6704K, reserved 1048576K
Event: 62.394 GC heap after
Heap after GC invocations=26 (full 7):
 PSYoungGen      total 1174528K, used 0K [0x000000076af00000, 0x00000007c0000000, 0x00000007c0000000)
  eden space 1096192K, 0% used [0x000000076af00000,0x000000076af00000,0x00000007add80000)
  from space 78336K, 0% used [0x00000007add80000,0x00000007add80000,0x00000007b2a00000)
  to   space 83456K, 0% used [0x00000007bae80000,0x00000007bae80000,0x00000007c0000000)
 ParOldGen       total 260096K, used 237278K [0x00000006c0c00000, 0x00000006d0a00000, 0x000000076af00000)
  object space 260096K, 91% used [0x00000006c0c00000,0x00000006cf3b7a40,0x00000006d0a00000)
 Metaspace       used 53310K, capacity 53707K, committed 54320K, reserved 1097728K
  class space    used 6473K, capacity 6607K, committed 6704K, reserved 1048576K
}

