# JRE version: Java(TM) SE Runtime Environment (8.0_45-b15) (build 1.8.0_45-b15)
# Java VM: Java HotSpot(TM) 64-Bit Server VM (25.45-b02 mixed mode windows-amd64 compressed oops)
Heap:
 PSYoungGen      total 1242112K, used 688142K [0x000000076af00000, 0x00000007bbb80000, 0x00000007c0000000)
  eden space 1175552K, 58% used [0x000000076af00000,0x0000000794f03940,0x00000007b2b00000)
  from space 66560K, 0% used [0x00000007b2b00000,0x00000007b2b00000,0x00000007b6c00000)
  to   space 73728K, 0% used [0x00000007b7380000,0x00000007b7380000,0x00000007bbb80000)
 ParOldGen       total 252416K, used 189999K [0x00000006c0c00000, 0x00000006d0280000, 0x000000076af00000)
  object space 252416K, 75% used [0x00000006c0c00000,0x00000006cc58be30,0x00000006d0280000)
 Metaspace       used 51830K, capacity 52223K, committed 52784K, reserved 1095680K
  class space    used 6449K, capacity 6605K, committed 6704K, reserved 1048576K
GC Heap History (10 events):
Event: 18.836 GC heap before
{Heap before GC invocations=19 (full 4):
 PSYoungGen      total 1241600K, used 37552K [0x000000076af00000, 0x00000007bac80000, 0x00000007c0000000)
  eden space 1176064K, 0% used [0x000000076af00000,0x000000076af00000,0x00000007b2b80000)
  from space 65536K, 57% used [0x00000007b2b80000,0x00000007b502c188,0x00000007b6b80000)
  to   space 66048K, 0% used [0x00000007b6c00000,0x00000007b6c00000,0x00000007bac80000)
 ParOldGen       total 252416K, used 110602K [0x00000006c0c00000, 0x00000006d0280000, 0x000000076af00000)
  object space 252416K, 43% used [0x00000006c0c00000,0x00000006c7802b98,0x00000006d0280000)
 Metaspace       used 44938K, capacity 45379K, committed 45872K, reserved 1089536K
  class space    used 5773K, capacity 5917K, committed 5936K, reserved 1048576K
Event: 19.273 GC heap after
Heap after GC invocations=19 (full 4):
 PSYoungGen      total 1241600K, used 0K [0x000000076af00000, 0x00000007bac80000, 0x00000007c0000000)
  eden space 1176064K, 0% used [0x000000076af00000,0x000000076af00000,0x00000007b2b80000)
  from space 65536K, 0% used [0x00000007b2b80000,0x00000007b2b80000,0x00000007b6b80000)
  to   space 66048K, 0% used [0x00000007b6c00000,0x00000007b6c00000,0x00000007bac80000)
 ParOldGen       total 252416K, used 142271K [0x00000006c0c00000, 0x00000006d0280000, 0x000000076af00000)
  object space 252416K, 56% used [0x00000006c0c00000,0x00000006c96efd30,0x00000006d0280000)
 Metaspace       used 44938K, capacity 45379K, committed 45872K, reserved 1089536K
  class space    used 5773K, capacity 5917K, committed 5936K, reserved 1048576K
}
Event: 19.273 GC heap before
{Heap before GC invocations=20 (full 4):
 PSYoungGen      total 1241600K, used 0K [0x000000076af00000, 0x00000007bac80000, 0x00000007c0000000)
  eden space 1176064K, 0% used [0x000000076af00000,0x000000076af00000,0x00000007b2b80000)
  from space 65536K, 0% used [0x00000007b2b80000,0x00000007b2b80000,0x00000007b6b80000)
  to   space 66048K, 0% used [0x00000007b6c00000,0x00000007b6c00000,0x00000007bac80000)
 ParOldGen       total 252416K, used 142271K [0x00000006c0c00000, 0x00000006d0280000, 0x000000076af00000)
  object space 252416K, 56% used [0x00000006c0c00000,0x00000006c96efd30,0x00000006d0280000)
 Metaspace       used 44938K, capacity 45379K, committed 45872K, reserved 1089536K
  class space    used 5773K, capacity 5917K, committed 5936K, reserved 1048576K
Event: 19.274 GC heap after
Heap after GC invocations=20 (full 4):
 PSYoungGen      total 1241600K, used 0K [0x000000076af00000, 0x00000007bad80000, 0x00000007c0000000)
  eden space 1175552K, 0% used [0x000000076af00000,0x000000076af00000,0x00000007b2b00000)
  from space 66048K, 0% used [0x00000007b6c00000,0x00000007b6c00000,0x00000007bac80000)
  to   space 66560K, 0% used [0x00000007b2b00000,0x00000007b2b00000,0x00000007b6c00000)
 ParOldGen       total 252416K, used 142271K [0x00000006c0c00000, 0x00000006d0280000, 0x000000076af00000)
  object space 252416K, 56% used [0x00000006c0c00000,0x00000006c96efd30,0x00000006d0280000)
 Metaspace       used 44938K, capacity 45379K, committed 45872K, reserved 1089536K
  class space    used 5773K, capacity 5917K, committed 5936K, reserved 1048576K
}
Event: 19.274 GC heap before
{Heap before GC invocations=21 (full 5):
 PSYoungGen      total 1241600K, used 0K [0x000000076af00000, 0x00000007bad80000, 0x00000007c0000000)
  eden space 1175552K, 0% used [0x000000076af00000,0x000000076af00000,0x00000007b2b00000)
  from space 66048K, 0% used [0x00000007b6c00000,0x00000007b6c00000,0x00000007bac80000)
  to   space 66560K, 0% used [0x00000007b2b00000,0x00000007b2b00000,0x00000007b6c00000)
 ParOldGen       total 252416K, used 142271K [0x00000006c0c00000, 0x00000006d0280000, 0x000000076af00000)
  object space 252416K, 56% used [0x00000006c0c00000,0x00000006c96efd30,0x00000006d0280000)
 Metaspace       used 44938K, capacity 45379K, committed 45872K, reserved 1089536K
  class space    used 5773K, capacity 5917K, committed 5936K, reserved 1048576K
Event: 19.367 GC heap after
Heap after GC invocations=21 (full 5):
 PSYoungGen      total 1241600K, used 0K [0x000000076af00000, 0x00000007bad80000, 0x00000007c0000000)
  eden space 1175552K, 0% used [0x000000076af00000,0x000000076af00000,0x00000007b2b00000)
  from space 66048K, 0% used [0x00000007b6c00000,0x00000007b6c00000,0x00000007bac80000)
  to   space 66560K, 0% used [0x00000007b2b00000,0x00000007b2b00000,0x00000007b6c00000)
 ParOldGen       total 252416K, used 142271K [0x00000006c0c00000, 0x00000006d0280000, 0x000000076af00000)
  object space 252416K, 56% used [0x00000006c0c00000,0x00000006c96efd30,0x00000006d0280000)
 Metaspace       used 44938K, capacity 45379K, committed 45872K, reserved 1089536K
  class space    used 5773K, capacity 5917K, committed 5936K, reserved 1048576K
}
Event: 20.976 GC heap before
{Heap before GC invocations=22 (full 5):
 PSYoungGen      total 1241600K, used 601813K [0x000000076af00000, 0x00000007bad80000, 0x00000007c0000000)
  eden space 1175552K, 51% used [0x000000076af00000,0x000000078fab5548,0x00000007b2b00000)
  from space 66048K, 0% used [0x00000007b6c00000,0x00000007b6c00000,0x00000007bac80000)
  to   space 66560K, 0% used [0x00000007b2b00000,0x00000007b2b00000,0x00000007b6c00000)
 ParOldGen       total 252416K, used 142271K [0x00000006c0c00000, 0x00000006d0280000, 0x000000076af00000)
  object space 252416K, 56% used [0x00000006c0c00000,0x00000006c96efd30,0x00000006d0280000)
 Metaspace       used 49188K, capacity 49677K, committed 50224K, reserved 1093632K
  class space    used 6225K, capacity 6378K, committed 6448K, reserved 1048576K
Event: 20.992 GC heap after
Heap after GC invocations=22 (full 5):
 PSYoungGen      total 1242112K, used 54577K [0x000000076af00000, 0x00000007bbb80000, 0x00000007c0000000)
  eden space 1175552K, 0% used [0x000000076af00000,0x000000076af00000,0x00000007b2b00000)
  from space 66560K, 81% used [0x00000007b2b00000,0x00000007b604c6a8,0x00000007b6c00000)
  to   space 73728K, 0% used [0x00000007b7380000,0x00000007b7380000,0x00000007bbb80000)
 ParOldGen       total 252416K, used 142279K [0x00000006c0c00000, 0x00000006d0280000, 0x000000076af00000)
  object space 252416K, 56% used [0x00000006c0c00000,0x00000006c96f1d30,0x00000006d0280000)
 Metaspace       used 49188K, capacity 49677K, committed 50224K, reserved 1093632K
  class space    used 6225K, capacity 6378K, committed 6448K, reserved 1048576K
}
Event: 20.992 GC heap before
{Heap before GC invocations=23 (full 6):
 PSYoungGen      total 1242112K, used 54577K [0x000000076af00000, 0x00000007bbb80000, 0x00000007c0000000)
  eden space 1175552K, 0% used [0x000000076af00000,0x000000076af00000,0x00000007b2b00000)
  from space 66560K, 81% used [0x00000007b2b00000,0x00000007b604c6a8,0x00000007b6c00000)
  to   space 73728K, 0% used [0x00000007b7380000,0x00000007b7380000,0x00000007bbb80000)
 ParOldGen       total 252416K, used 142279K [0x00000006c0c00000, 0x00000006d0280000, 0x000000076af00000)
  object space 252416K, 56% used [0x00000006c0c00000,0x00000006c96f1d30,0x00000006d0280000)
 Metaspace       used 49188K, capacity 49677K, committed 50224K, reserved 1093632K
  class space    used 6225K, capacity 6378K, committed 6448K, reserved 1048576K
Event: 21.490 GC heap after
Heap after GC invocations=23 (full 6):
 PSYoungGen      total 1242112K, used 0K [0x000000076af00000, 0x00000007bbb80000, 0x00000007c0000000)
  eden space 1175552K, 0% used [0x000000076af00000,0x000000076af00000,0x00000007b2b00000)
  from space 66560K, 0% used [0x00000007b2b00000,0x00000007b2b00000,0x00000007b6c00000)
  to   space 73728K, 0% used [0x00000007b7380000,0x00000007b7380000,0x00000007bbb80000)
 ParOldGen       total 252416K, used 189999K [0x00000006c0c00000, 0x00000006d0280000, 0x000000076af00000)
  object space 252416K, 75% used [0x00000006c0c00000,0x00000006cc58be30,0x00000006d0280000)
 Metaspace       used 49188K, capacity 49677K, committed 50224K, reserved 1093632K
  class space    used 6225K, capacity 6378K, committed 6448K, reserved 1048576K
}

