# JRE version: Java(TM) SE Runtime Environment (8.0_45-b15) (build 1.8.0_45-b15)
# Java VM: Java HotSpot(TM) 64-Bit Server VM (25.45-b02 mixed mode windows-amd64 compressed oops)
Heap:
 PSYoungGen      total 1269760K, used 824263K [0x000000076af00000, 0x00000007bd580000, 0x00000007c0000000)
  eden space 1205248K, 68% used [0x000000076af00000,0x000000079d3f1e30,0x00000007b4800000)
  from space 64512K, 0% used [0x00000007b4800000,0x00000007b4800000,0x00000007b8700000)
  to   space 72192K, 0% used [0x00000007b8f00000,0x00000007b8f00000,0x00000007bd580000)
 ParOldGen       total 250368K, used 189628K [0x00000006c0c00000, 0x00000006d0080000, 0x000000076af00000)
  object space 250368K, 75% used [0x00000006c0c00000,0x00000006cc52f118,0x00000006d0080000)
 Metaspace       used 52123K, capacity 52561K, committed 53040K, reserved 1095680K
  class space    used 6446K, capacity 6608K, committed 6704K, reserved 1048576K
GC Heap History (10 events):
Event: 23.493 GC heap before
{Heap before GC invocations=19 (full 4):
 PSYoungGen      total 1223168K, used 17169K [0x000000076af00000, 0x00000007bc580000, 0x00000007c0000000)
  eden space 1205760K, 0% used [0x000000076af00000,0x000000076af00000,0x00000007b4880000)
  from space 17408K, 98% used [0x00000007b4880000,0x00000007b5944788,0x00000007b5980000)
  to   space 64000K, 0% used [0x00000007b8700000,0x00000007b8700000,0x00000007bc580000)
 ParOldGen       total 250368K, used 131166K [0x00000006c0c00000, 0x00000006d0080000, 0x000000076af00000)
  object space 250368K, 52% used [0x00000006c0c00000,0x00000006c8c17a28,0x00000006d0080000)
 Metaspace       used 44988K, capacity 45443K, committed 45872K, reserved 1089536K
  class space    used 5774K, capacity 5917K, committed 5936K, reserved 1048576K
Event: 23.989 GC heap after
Heap after GC invocations=19 (full 4):
 PSYoungGen      total 1223168K, used 0K [0x000000076af00000, 0x00000007bc580000, 0x00000007c0000000)
  eden space 1205760K, 0% used [0x000000076af00000,0x000000076af00000,0x00000007b4880000)
  from space 17408K, 0% used [0x00000007b4880000,0x00000007b4880000,0x00000007b5980000)
  to   space 64000K, 0% used [0x00000007b8700000,0x00000007b8700000,0x00000007bc580000)
 ParOldGen       total 250368K, used 142321K [0x00000006c0c00000, 0x00000006d0080000, 0x000000076af00000)
  object space 250368K, 56% used [0x00000006c0c00000,0x00000006c96fc6f0,0x00000006d0080000)
 Metaspace       used 44988K, capacity 45443K, committed 45872K, reserved 1089536K
  class space    used 5774K, capacity 5917K, committed 5936K, reserved 1048576K
}
Event: 23.989 GC heap before
{Heap before GC invocations=20 (full 4):
 PSYoungGen      total 1223168K, used 0K [0x000000076af00000, 0x00000007bc580000, 0x00000007c0000000)
  eden space 1205760K, 0% used [0x000000076af00000,0x000000076af00000,0x00000007b4880000)
  from space 17408K, 0% used [0x00000007b4880000,0x00000007b4880000,0x00000007b5980000)
  to   space 64000K, 0% used [0x00000007b8700000,0x00000007b8700000,0x00000007bc580000)
 ParOldGen       total 250368K, used 142321K [0x00000006c0c00000, 0x00000006d0080000, 0x000000076af00000)
  object space 250368K, 56% used [0x00000006c0c00000,0x00000006c96fc6f0,0x00000006d0080000)
 Metaspace       used 44988K, capacity 45443K, committed 45872K, reserved 1089536K
  class space    used 5774K, capacity 5917K, committed 5936K, reserved 1048576K
Event: 23.990 GC heap after
Heap after GC invocations=20 (full 4):
 PSYoungGen      total 1269248K, used 0K [0x000000076af00000, 0x00000007bc680000, 0x00000007c0000000)
  eden space 1205248K, 0% used [0x000000076af00000,0x000000076af00000,0x00000007b4800000)
  from space 64000K, 0% used [0x00000007b8700000,0x00000007b8700000,0x00000007bc580000)
  to   space 64512K, 0% used [0x00000007b4800000,0x00000007b4800000,0x00000007b8700000)
 ParOldGen       total 250368K, used 142321K [0x00000006c0c00000, 0x00000006d0080000, 0x000000076af00000)
  object space 250368K, 56% used [0x00000006c0c00000,0x00000006c96fc6f0,0x00000006d0080000)
 Metaspace       used 44988K, capacity 45443K, committed 45872K, reserved 1089536K
  class space    used 5774K, capacity 5917K, committed 5936K, reserved 1048576K
}
Event: 23.990 GC heap before
{Heap before GC invocations=21 (full 5):
 PSYoungGen      total 1269248K, used 0K [0x000000076af00000, 0x00000007bc680000, 0x00000007c0000000)
  eden space 1205248K, 0% used [0x000000076af00000,0x000000076af00000,0x00000007b4800000)
  from space 64000K, 0% used [0x00000007b8700000,0x00000007b8700000,0x00000007bc580000)
  to   space 64512K, 0% used [0x00000007b4800000,0x00000007b4800000,0x00000007b8700000)
 ParOldGen       total 250368K, used 142321K [0x00000006c0c00000, 0x00000006d0080000, 0x000000076af00000)
  object space 250368K, 56% used [0x00000006c0c00000,0x00000006c96fc6f0,0x00000006d0080000)
 Metaspace       used 44988K, capacity 45443K, committed 45872K, reserved 1089536K
  class space    used 5774K, capacity 5917K, committed 5936K, reserved 1048576K
Event: 24.100 GC heap after
Heap after GC invocations=21 (full 5):
 PSYoungGen      total 1269248K, used 0K [0x000000076af00000, 0x00000007bc680000, 0x00000007c0000000)
  eden space 1205248K, 0% used [0x000000076af00000,0x000000076af00000,0x00000007b4800000)
  from space 64000K, 0% used [0x00000007b8700000,0x00000007b8700000,0x00000007bc580000)
  to   space 64512K, 0% used [0x00000007b4800000,0x00000007b4800000,0x00000007b8700000)
 ParOldGen       total 250368K, used 142321K [0x00000006c0c00000, 0x00000006d0080000, 0x000000076af00000)
  object space 250368K, 56% used [0x00000006c0c00000,0x00000006c96fc6f0,0x00000006d0080000)
 Metaspace       used 44988K, capacity 45443K, committed 45872K, reserved 1089536K
  class space    used 5774K, capacity 5917K, committed 5936K, reserved 1048576K
}
Event: 25.951 GC heap before
{Heap before GC invocations=22 (full 5):
 PSYoungGen      total 1269248K, used 580608K [0x000000076af00000, 0x00000007bc680000, 0x00000007c0000000)
  eden space 1205248K, 48% used [0x000000076af00000,0x000000078e600138,0x00000007b4800000)
  from space 64000K, 0% used [0x00000007b8700000,0x00000007b8700000,0x00000007bc580000)
  to   space 64512K, 0% used [0x00000007b4800000,0x00000007b4800000,0x00000007b8700000)
 ParOldGen       total 250368K, used 142321K [0x00000006c0c00000, 0x00000006d0080000, 0x000000076af00000)
  object space 250368K, 56% used [0x00000006c0c00000,0x00000006c96fc6f0,0x00000006d0080000)
 Metaspace       used 49217K, capacity 49619K, committed 49968K, reserved 1093632K
  class space    used 6223K, capacity 6379K, committed 6448K, reserved 1048576K
Event: 25.970 GC heap after
Heap after GC invocations=22 (full 5):
 PSYoungGen      total 1269760K, used 54330K [0x000000076af00000, 0x00000007bd580000, 0x00000007c0000000)
  eden space 1205248K, 0% used [0x000000076af00000,0x000000076af00000,0x00000007b4800000)
  from space 64512K, 84% used [0x00000007b4800000,0x00000007b7d0ea00,0x00000007b8700000)
  to   space 72192K, 0% used [0x00000007b8f00000,0x00000007b8f00000,0x00000007bd580000)
 ParOldGen       total 250368K, used 142329K [0x00000006c0c00000, 0x00000006d0080000, 0x000000076af00000)
  object space 250368K, 56% used [0x00000006c0c00000,0x00000006c96fe6f0,0x00000006d0080000)
 Metaspace       used 49217K, capacity 49619K, committed 49968K, reserved 1093632K
  class space    used 6223K, capacity 6379K, committed 6448K, reserved 1048576K
}
Event: 25.970 GC heap before
{Heap before GC invocations=23 (full 6):
 PSYoungGen      total 1269760K, used 54330K [0x000000076af00000, 0x00000007bd580000, 0x00000007c0000000)
  eden space 1205248K, 0% used [0x000000076af00000,0x000000076af00000,0x00000007b4800000)
  from space 64512K, 84% used [0x00000007b4800000,0x00000007b7d0ea00,0x00000007b8700000)
  to   space 72192K, 0% used [0x00000007b8f00000,0x00000007b8f00000,0x00000007bd580000)
 ParOldGen       total 250368K, used 142329K [0x00000006c0c00000, 0x00000006d0080000, 0x000000076af00000)
  object space 250368K, 56% used [0x00000006c0c00000,0x00000006c96fe6f0,0x00000006d0080000)
 Metaspace       used 49217K, capacity 49619K, committed 49968K, reserved 1093632K
  class space    used 6223K, capacity 6379K, committed 6448K, reserved 1048576K
Event: 26.477 GC heap after
Heap after GC invocations=23 (full 6):
 PSYoungGen      total 1269760K, used 0K [0x000000076af00000, 0x00000007bd580000, 0x00000007c0000000)
  eden space 1205248K, 0% used [0x000000076af00000,0x000000076af00000,0x00000007b4800000)
  from space 64512K, 0% used [0x00000007b4800000,0x00000007b4800000,0x00000007b8700000)
  to   space 72192K, 0% used [0x00000007b8f00000,0x00000007b8f00000,0x00000007bd580000)
 ParOldGen       total 250368K, used 189628K [0x00000006c0c00000, 0x00000006d0080000, 0x000000076af00000)
  object space 250368K, 75% used [0x00000006c0c00000,0x00000006cc52f118,0x00000006d0080000)
 Metaspace       used 49217K, capacity 49619K, committed 49968K, reserved 1093632K
  class space    used 6223K, capacity 6379K, committed 6448K, reserved 1048576K
}

