# JRE version: Java(TM) SE Runtime Environment (8.0_45-b15) (build 1.8.0_45-b15)
# Java VM: Java HotSpot(TM) 64-Bit Server VM (25.45-b02 mixed mode windows-amd64 compressed oops)
Heap:
 PSYoungGen      total 1206784K, used 44338K [0x000000076af00000, 0x00000007b9f00000, 0x00000007c0000000)
  eden space 1129984K, 3% used [0x000000076af00000,0x000000076da4c8d0,0x00000007afe80000)
  from space 76800K, 0% used [0x00000007b4d00000,0x00000007b4d00000,0x00000007b9800000)
  to   space 80384K, 0% used [0x00000007afe80000,0x00000007afe80000,0x00000007b4d00000)
 ParOldGen       total 253952K, used 234599K [0x00000006c0c00000, 0x00000006d0400000, 0x000000076af00000)
  object space 253952K, 92% used [0x00000006c0c00000,0x00000006cf119e80,0x00000006d0400000)
 Metaspace       used 53332K, capacity 53777K, committed 54320K, reserved 1097728K
  class space    used 6462K, capacity 6608K, committed 6704K, reserved 1048576K
GC Heap History (10 events):
Event: 36.004 GC heap before
{Heap before GC invocations=21 (full 5):
 PSYoungGen      total 1199104K, used 32K [0x000000076af00000, 0x00000007b8400000, 0x00000007c0000000)
  eden space 1133056K, 0% used [0x000000076af00000,0x000000076af00000,0x00000007b0180000)
  from space 66048K, 0% used [0x00000007b4280000,0x00000007b4288000,0x00000007b8300000)
  to   space 66560K, 0% used [0x00000007b0180000,0x00000007b0180000,0x00000007b4280000)
 ParOldGen       total 253952K, used 143297K [0x00000006c0c00000, 0x00000006d0400000, 0x000000076af00000)
  object space 253952K, 56% used [0x00000006c0c00000,0x00000006c97f0420,0x00000006d0400000)
 Metaspace       used 45208K, capacity 45577K, committed 45872K, reserved 1089536K
  class space    used 5771K, capacity 5918K, committed 5936K, reserved 1048576K
Event: 36.110 GC heap after
Heap after GC invocations=21 (full 5):
 PSYoungGen      total 1199104K, used 0K [0x000000076af00000, 0x00000007b8400000, 0x00000007c0000000)
  eden space 1133056K, 0% used [0x000000076af00000,0x000000076af00000,0x00000007b0180000)
  from space 66048K, 0% used [0x00000007b4280000,0x00000007b4280000,0x00000007b8300000)
  to   space 66560K, 0% used [0x00000007b0180000,0x00000007b0180000,0x00000007b4280000)
 ParOldGen       total 253952K, used 143296K [0x00000006c0c00000, 0x00000006d0400000, 0x000000076af00000)
  object space 253952K, 56% used [0x00000006c0c00000,0x00000006c97f03d8,0x00000006d0400000)
 Metaspace       used 45208K, capacity 45577K, committed 45872K, reserved 1089536K
  class space    used 5771K, capacity 5918K, committed 5936K, reserved 1048576K
}
Event: 39.367 GC heap before
{Heap before GC invocations=22 (full 5):
 PSYoungGen      total 1199104K, used 748344K [0x000000076af00000, 0x00000007b8400000, 0x00000007c0000000)
  eden space 1133056K, 66% used [0x000000076af00000,0x00000007989ce048,0x00000007b0180000)
  from space 66048K, 0% used [0x00000007b4280000,0x00000007b4280000,0x00000007b8300000)
  to   space 66560K, 0% used [0x00000007b0180000,0x00000007b0180000,0x00000007b4280000)
 ParOldGen       total 253952K, used 143296K [0x00000006c0c00000, 0x00000006d0400000, 0x000000076af00000)
  object space 253952K, 56% used [0x00000006c0c00000,0x00000006c97f03d8,0x00000006d0400000)
 Metaspace       used 49796K, capacity 50227K, committed 50736K, reserved 1093632K
  class space    used 6233K, capacity 6347K, committed 6448K, reserved 1048576K
Event: 39.390 GC heap after
Heap after GC invocations=22 (full 5):
 PSYoungGen      total 1199616K, used 62528K [0x000000076af00000, 0x00000007b9800000, 0x00000007c0000000)
  eden space 1133056K, 0% used [0x000000076af00000,0x000000076af00000,0x00000007b0180000)
  from space 66560K, 93% used [0x00000007b0180000,0x00000007b3e90258,0x00000007b4280000)
  to   space 76800K, 0% used [0x00000007b4d00000,0x00000007b4d00000,0x00000007b9800000)
 ParOldGen       total 253952K, used 143304K [0x00000006c0c00000, 0x00000006d0400000, 0x000000076af00000)
  object space 253952K, 56% used [0x00000006c0c00000,0x00000006c97f23d8,0x00000006d0400000)
 Metaspace       used 49796K, capacity 50227K, committed 50736K, reserved 1093632K
  class space    used 6233K, capacity 6347K, committed 6448K, reserved 1048576K
}
Event: 39.390 GC heap before
{Heap before GC invocations=23 (full 6):
 PSYoungGen      total 1199616K, used 62528K [0x000000076af00000, 0x00000007b9800000, 0x00000007c0000000)
  eden space 1133056K, 0% used [0x000000076af00000,0x000000076af00000,0x00000007b0180000)
  from space 66560K, 93% used [0x00000007b0180000,0x00000007b3e90258,0x00000007b4280000)
  to   space 76800K, 0% used [0x00000007b4d00000,0x00000007b4d00000,0x00000007b9800000)
 ParOldGen       total 253952K, used 143304K [0x00000006c0c00000, 0x00000006d0400000, 0x000000076af00000)
  object space 253952K, 56% used [0x00000006c0c00000,0x00000006c97f23d8,0x00000006d0400000)
 Metaspace       used 49796K, capacity 50227K, committed 50736K, reserved 1093632K
  class space    used 6233K, capacity 6347K, committed 6448K, reserved 1048576K
Event: 39.893 GC heap after
Heap after GC invocations=23 (full 6):
 PSYoungGen      total 1199616K, used 0K [0x000000076af00000, 0x00000007b9800000, 0x00000007c0000000)
  eden space 1133056K, 0% used [0x000000076af00000,0x000000076af00000,0x00000007b0180000)
  from space 66560K, 0% used [0x00000007b0180000,0x00000007b0180000,0x00000007b4280000)
  to   space 76800K, 0% used [0x00000007b4d00000,0x00000007b4d00000,0x00000007b9800000)
 ParOldGen       total 253952K, used 199854K [0x00000006c0c00000, 0x00000006d0400000, 0x000000076af00000)
  object space 253952K, 78% used [0x00000006c0c00000,0x00000006ccf2b9b0,0x00000006d0400000)
 Metaspace       used 49796K, capacity 50227K, committed 50736K, reserved 1093632K
  class space    used 6233K, capacity 6347K, committed 6448K, reserved 1048576K
}
Event: 58.626 GC heap before
{Heap before GC invocations=24 (full 6):
 PSYoungGen      total 1199616K, used 982880K [0x000000076af00000, 0x00000007b9800000, 0x00000007c0000000)
  eden space 1133056K, 86% used [0x000000076af00000,0x00000007a6ed81d0,0x00000007b0180000)
  from space 66560K, 0% used [0x00000007b0180000,0x00000007b0180000,0x00000007b4280000)
  to   space 76800K, 0% used [0x00000007b4d00000,0x00000007b4d00000,0x00000007b9800000)
 ParOldGen       total 253952K, used 199854K [0x00000006c0c00000, 0x00000006d0400000, 0x000000076af00000)
  object space 253952K, 78% used [0x00000006c0c00000,0x00000006ccf2b9b0,0x00000006d0400000)
 Metaspace       used 53311K, capacity 53777K, committed 54320K, reserved 1097728K
  class space    used 6458K, capacity 6608K, committed 6704K, reserved 1048576K
Event: 58.641 GC heap after
Heap after GC invocations=24 (full 6):
 PSYoungGen      total 1206784K, used 50894K [0x000000076af00000, 0x00000007b9f00000, 0x00000007c0000000)
  eden space 1129984K, 0% used [0x000000076af00000,0x000000076af00000,0x00000007afe80000)
  from space 76800K, 66% used [0x00000007b4d00000,0x00000007b7eb3910,0x00000007b9800000)
  to   space 80384K, 0% used [0x00000007afe80000,0x00000007afe80000,0x00000007b4d00000)
 ParOldGen       total 253952K, used 199862K [0x00000006c0c00000, 0x00000006d0400000, 0x000000076af00000)
  object space 253952K, 78% used [0x00000006c0c00000,0x00000006ccf2d9b0,0x00000006d0400000)
 Metaspace       used 53311K, capacity 53777K, committed 54320K, reserved 1097728K
  class space    used 6458K, capacity 6608K, committed 6704K, reserved 1048576K
}
Event: 58.641 GC heap before
{Heap before GC invocations=25 (full 7):
 PSYoungGen      total 1206784K, used 50894K [0x000000076af00000, 0x00000007b9f00000, 0x00000007c0000000)
  eden space 1129984K, 0% used [0x000000076af00000,0x000000076af00000,0x00000007afe80000)
  from space 76800K, 66% used [0x00000007b4d00000,0x00000007b7eb3910,0x00000007b9800000)
  to   space 80384K, 0% used [0x00000007afe80000,0x00000007afe80000,0x00000007b4d00000)
 ParOldGen       total 253952K, used 199862K [0x00000006c0c00000, 0x00000006d0400000, 0x000000076af00000)
  object space 253952K, 78% used [0x00000006c0c00000,0x00000006ccf2d9b0,0x00000006d0400000)
 Metaspace       used 53311K, capacity 53777K, committed 54320K, reserved 1097728K
  class space    used 6458K, capacity 6608K, committed 6704K, reserved 1048576K
Event: 58.983 GC heap after
Heap after GC invocations=25 (full 7):
 PSYoungGen      total 1206784K, used 0K [0x000000076af00000, 0x00000007b9f00000, 0x00000007c0000000)
  eden space 1129984K, 0% used [0x000000076af00000,0x000000076af00000,0x00000007afe80000)
  from space 76800K, 0% used [0x00000007b4d00000,0x00000007b4d00000,0x00000007b9800000)
  to   space 80384K, 0% used [0x00000007afe80000,0x00000007afe80000,0x00000007b4d00000)
 ParOldGen       total 253952K, used 234599K [0x00000006c0c00000, 0x00000006d0400000, 0x000000076af00000)
  object space 253952K, 92% used [0x00000006c0c00000,0x00000006cf119e80,0x00000006d0400000)
 Metaspace       used 53311K, capacity 53777K, committed 54320K, reserved 1097728K
  class space    used 6458K, capacity 6608K, committed 6704K, reserved 1048576K
}

