# JRE version: Java(TM) SE Runtime Environment (8.0_45-b15) (build 1.8.0_45-b15)
# Java VM: Java HotSpot(TM) 64-Bit Server VM (25.45-b02 mixed mode windows-amd64 compressed oops)
Heap:
 PSYoungGen      total 1239552K, used 464058K [0x000000076af00000, 0x00000007c0000000, 0x00000007c0000000)
  eden space 1163264K, 35% used [0x000000076af00000,0x00000007844569f8,0x00000007b1f00000)
  from space 76288K, 64% used [0x00000007b6c80000,0x00000007b9c58190,0x00000007bb700000)
  to   space 79360K, 0% used [0x00000007b1f00000,0x00000007b1f00000,0x00000007b6c80000)
 ParOldGen       total 253952K, used 194466K [0x00000006c0c00000, 0x00000006d0400000, 0x000000076af00000)
  object space 253952K, 76% used [0x00000006c0c00000,0x00000006cc9e8bf0,0x00000006d0400000)
 Metaspace       used 53132K, capacity 53567K, committed 54064K, reserved 1097728K
  class space    used 6449K, capacity 6605K, committed 6704K, reserved 1048576K
GC Heap History (10 events):
Event: 27.207 GC heap before
{Heap before GC invocations=20 (full 4):
 PSYoungGen      total 1233408K, used 2607K [0x000000076af00000, 0x00000007ba600000, 0x00000007c0000000)
  eden space 1166336K, 0% used [0x000000076af00000,0x000000076b18bc50,0x00000007b2200000)
  from space 67072K, 0% used [0x00000007b2200000,0x00000007b2200000,0x00000007b6380000)
  to   space 67584K, 0% used [0x00000007b6400000,0x00000007b6400000,0x00000007ba600000)
 ParOldGen       total 253952K, used 142979K [0x00000006c0c00000, 0x00000006d0400000, 0x000000076af00000)
  object space 253952K, 56% used [0x00000006c0c00000,0x00000006c97a0cb8,0x00000006d0400000)
 Metaspace       used 45069K, capacity 45443K, committed 45872K, reserved 1089536K
  class space    used 5771K, capacity 5917K, committed 5936K, reserved 1048576K
Event: 27.209 GC heap after
Heap after GC invocations=20 (full 4):
 PSYoungGen      total 1233408K, used 32K [0x000000076af00000, 0x00000007ba700000, 0x00000007c0000000)
  eden space 1165824K, 0% used [0x000000076af00000,0x000000076af00000,0x00000007b2180000)
  from space 67584K, 0% used [0x00000007b6400000,0x00000007b6408000,0x00000007ba600000)
  to   space 68096K, 0% used [0x00000007b2180000,0x00000007b2180000,0x00000007b6400000)
 ParOldGen       total 253952K, used 142979K [0x00000006c0c00000, 0x00000006d0400000, 0x000000076af00000)
  object space 253952K, 56% used [0x00000006c0c00000,0x00000006c97a0cb8,0x00000006d0400000)
 Metaspace       used 45069K, capacity 45443K, committed 45872K, reserved 1089536K
  class space    used 5771K, capacity 5917K, committed 5936K, reserved 1048576K
}
Event: 27.209 GC heap before
{Heap before GC invocations=21 (full 5):
 PSYoungGen      total 1233408K, used 32K [0x000000076af00000, 0x00000007ba700000, 0x00000007c0000000)
  eden space 1165824K, 0% used [0x000000076af00000,0x000000076af00000,0x00000007b2180000)
  from space 67584K, 0% used [0x00000007b6400000,0x00000007b6408000,0x00000007ba600000)
  to   space 68096K, 0% used [0x00000007b2180000,0x00000007b2180000,0x00000007b6400000)
 ParOldGen       total 253952K, used 142979K [0x00000006c0c00000, 0x00000006d0400000, 0x000000076af00000)
  object space 253952K, 56% used [0x00000006c0c00000,0x00000006c97a0cb8,0x00000006d0400000)
 Metaspace       used 45069K, capacity 45443K, committed 45872K, reserved 1089536K
  class space    used 5771K, capacity 5917K, committed 5936K, reserved 1048576K
Event: 27.336 GC heap after
Heap after GC invocations=21 (full 5):
 PSYoungGen      total 1233408K, used 0K [0x000000076af00000, 0x00000007ba700000, 0x00000007c0000000)
  eden space 1165824K, 0% used [0x000000076af00000,0x000000076af00000,0x00000007b2180000)
  from space 67584K, 0% used [0x00000007b6400000,0x00000007b6400000,0x00000007ba600000)
  to   space 68096K, 0% used [0x00000007b2180000,0x00000007b2180000,0x00000007b6400000)
 ParOldGen       total 253952K, used 142979K [0x00000006c0c00000, 0x00000006d0400000, 0x000000076af00000)
  object space 253952K, 56% used [0x00000006c0c00000,0x00000006c97a0c70,0x00000006d0400000)
 Metaspace       used 45069K, capacity 45443K, committed 45872K, reserved 1089536K
  class space    used 5771K, capacity 5917K, committed 5936K, reserved 1048576K
}
Event: 28.903 GC heap before
{Heap before GC invocations=22 (full 5):
 PSYoungGen      total 1233408K, used 615154K [0x000000076af00000, 0x00000007ba700000, 0x00000007c0000000)
  eden space 1165824K, 52% used [0x000000076af00000,0x00000007907bc970,0x00000007b2180000)
  from space 67584K, 0% used [0x00000007b6400000,0x00000007b6400000,0x00000007ba600000)
  to   space 68096K, 0% used [0x00000007b2180000,0x00000007b2180000,0x00000007b6400000)
 ParOldGen       total 253952K, used 142979K [0x00000006c0c00000, 0x00000006d0400000, 0x000000076af00000)
  object space 253952K, 56% used [0x00000006c0c00000,0x00000006c97a0c70,0x00000006d0400000)
 Metaspace       used 49372K, capacity 49799K, committed 50224K, reserved 1093632K
  class space    used 6216K, capacity 6377K, committed 6448K, reserved 1048576K
Event: 28.920 GC heap after
Heap after GC invocations=22 (full 5):
 PSYoungGen      total 1233920K, used 58445K [0x000000076af00000, 0x00000007bb700000, 0x00000007c0000000)
  eden space 1165824K, 0% used [0x000000076af00000,0x000000076af00000,0x00000007b2180000)
  from space 68096K, 85% used [0x00000007b2180000,0x00000007b5a93418,0x00000007b6400000)
  to   space 76288K, 0% used [0x00000007b6c80000,0x00000007b6c80000,0x00000007bb700000)
 ParOldGen       total 253952K, used 142987K [0x00000006c0c00000, 0x00000006d0400000, 0x000000076af00000)
  object space 253952K, 56% used [0x00000006c0c00000,0x00000006c97a2c70,0x00000006d0400000)
 Metaspace       used 49372K, capacity 49799K, committed 50224K, reserved 1093632K
  class space    used 6216K, capacity 6377K, committed 6448K, reserved 1048576K
}
Event: 28.920 GC heap before
{Heap before GC invocations=23 (full 6):
 PSYoungGen      total 1233920K, used 58445K [0x000000076af00000, 0x00000007bb700000, 0x00000007c0000000)
  eden space 1165824K, 0% used [0x000000076af00000,0x000000076af00000,0x00000007b2180000)
  from space 68096K, 85% used [0x00000007b2180000,0x00000007b5a93418,0x00000007b6400000)
  to   space 76288K, 0% used [0x00000007b6c80000,0x00000007b6c80000,0x00000007bb700000)
 ParOldGen       total 253952K, used 142987K [0x00000006c0c00000, 0x00000006d0400000, 0x000000076af00000)
  object space 253952K, 56% used [0x00000006c0c00000,0x00000006c97a2c70,0x00000006d0400000)
 Metaspace       used 49372K, capacity 49799K, committed 50224K, reserved 1093632K
  class space    used 6216K, capacity 6377K, committed 6448K, reserved 1048576K
Event: 29.472 GC heap after
Heap after GC invocations=23 (full 6):
 PSYoungGen      total 1233920K, used 0K [0x000000076af00000, 0x00000007bb700000, 0x00000007c0000000)
  eden space 1165824K, 0% used [0x000000076af00000,0x000000076af00000,0x00000007b2180000)
  from space 68096K, 0% used [0x00000007b2180000,0x00000007b2180000,0x00000007b6400000)
  to   space 76288K, 0% used [0x00000007b6c80000,0x00000007b6c80000,0x00000007bb700000)
 ParOldGen       total 253952K, used 194458K [0x00000006c0c00000, 0x00000006d0400000, 0x000000076af00000)
  object space 253952K, 76% used [0x00000006c0c00000,0x00000006cc9e6bf0,0x00000006d0400000)
 Metaspace       used 49372K, capacity 49799K, committed 50224K, reserved 1093632K
  class space    used 6216K, capacity 6377K, committed 6448K, reserved 1048576K
}
Event: 46.622 GC heap before
{Heap before GC invocations=24 (full 6):
 PSYoungGen      total 1233920K, used 1165824K [0x000000076af00000, 0x00000007bb700000, 0x00000007c0000000)
  eden space 1165824K, 100% used [0x000000076af00000,0x00000007b2180000,0x00000007b2180000)
  from space 68096K, 0% used [0x00000007b2180000,0x00000007b2180000,0x00000007b6400000)
  to   space 76288K, 0% used [0x00000007b6c80000,0x00000007b6c80000,0x00000007bb700000)
 ParOldGen       total 253952K, used 194458K [0x00000006c0c00000, 0x00000006d0400000, 0x000000076af00000)
  object space 253952K, 76% used [0x00000006c0c00000,0x00000006cc9e6bf0,0x00000006d0400000)
 Metaspace       used 52824K, capacity 53241K, committed 53808K, reserved 1095680K
  class space    used 6433K, capacity 6604K, committed 6704K, reserved 1048576K
Event: 46.639 GC heap after
Heap after GC invocations=24 (full 6):
 PSYoungGen      total 1239552K, used 48992K [0x000000076af00000, 0x00000007c0000000, 0x00000007c0000000)
  eden space 1163264K, 0% used [0x000000076af00000,0x000000076af00000,0x00000007b1f00000)
  from space 76288K, 64% used [0x00000007b6c80000,0x00000007b9c58190,0x00000007bb700000)
  to   space 79360K, 0% used [0x00000007b1f00000,0x00000007b1f00000,0x00000007b6c80000)
 ParOldGen       total 253952K, used 194466K [0x00000006c0c00000, 0x00000006d0400000, 0x000000076af00000)
  object space 253952K, 76% used [0x00000006c0c00000,0x00000006cc9e8bf0,0x00000006d0400000)
 Metaspace       used 52824K, capacity 53241K, committed 53808K, reserved 1095680K
  class space    used 6433K, capacity 6604K, committed 6704K, reserved 1048576K
}

