# JRE version: Java(TM) SE Runtime Environment (8.0_45-b15) (build 1.8.0_45-b15)
# Java VM: Java HotSpot(TM) 64-Bit Server VM (25.45-b02 mixed mode windows-amd64 compressed oops)
Heap:
 PSYoungGen      total 1286144K, used 62458K [0x000000076af00000, 0x00000007c0000000, 0x00000007c0000000)
  eden space 1184768K, 5% used [0x000000076af00000,0x000000076ea986f0,0x00000007b3400000)
  from space 101376K, 1% used [0x00000007b9d00000,0x00000007b9e66408,0x00000007c0000000)
  to   space 104448K, 0% used [0x00000007b3400000,0x00000007b3400000,0x00000007b9a00000)
 ParOldGen       total 247296K, used 247270K [0x00000006c0c00000, 0x00000006cfd80000, 0x000000076af00000)
  object space 247296K, 99% used [0x00000006c0c00000,0x00000006cfd79af8,0x00000006cfd80000)
 Metaspace       used 54378K, capacity 54769K, committed 55344K, reserved 1097728K
  class space    used 6507K, capacity 6640K, committed 6704K, reserved 1048576K
GC Heap History (10 events):
Event: 117.659 GC heap before
{Heap before GC invocations=27 (full 6):
 PSYoungGen      total 1304576K, used 1282727K [0x000000076af00000, 0x00000007c0000000, 0x00000007c0000000)
  eden space 1225728K, 100% used [0x000000076af00000,0x00000007b5c00000,0x00000007b5c00000)
  from space 78848K, 72% used [0x00000007bb300000,0x00000007beaa9d08,0x00000007c0000000)
  to   space 83968K, 0% used [0x00000007b5c00000,0x00000007b5c00000,0x00000007bae00000)
 ParOldGen       total 247296K, used 209464K [0x00000006c0c00000, 0x00000006cfd80000, 0x000000076af00000)
  object space 247296K, 84% used [0x00000006c0c00000,0x00000006cd88e2c0,0x00000006cfd80000)
 Metaspace       used 54081K, capacity 54513K, committed 55088K, reserved 1097728K
  class space    used 6494K, capacity 6640K, committed 6704K, reserved 1048576K
Event: 117.677 GC heap after
Heap after GC invocations=27 (full 6):
 PSYoungGen      total 1289728K, used 63932K [0x000000076af00000, 0x00000007c0000000, 0x00000007c0000000)
  eden space 1225728K, 0% used [0x000000076af00000,0x000000076af00000,0x00000007b5c00000)
  from space 64000K, 99% used [0x00000007b5c00000,0x00000007b9a6f0c0,0x00000007b9a80000)
  to   space 90112K, 0% used [0x00000007ba800000,0x00000007ba800000,0x00000007c0000000)
 ParOldGen       total 247296K, used 209472K [0x00000006c0c00000, 0x00000006cfd80000, 0x000000076af00000)
  object space 247296K, 84% used [0x00000006c0c00000,0x00000006cd8902c0,0x00000006cfd80000)
 Metaspace       used 54081K, capacity 54513K, committed 55088K, reserved 1097728K
  class space    used 6494K, capacity 6640K, committed 6704K, reserved 1048576K
}
Event: 175.742 GC heap before
{Heap before GC invocations=28 (full 6):
 PSYoungGen      total 1289728K, used 1289660K [0x000000076af00000, 0x00000007c0000000, 0x00000007c0000000)
  eden space 1225728K, 100% used [0x000000076af00000,0x00000007b5c00000,0x00000007b5c00000)
  from space 64000K, 99% used [0x00000007b5c00000,0x00000007b9a6f0c0,0x00000007b9a80000)
  to   space 90112K, 0% used [0x00000007ba800000,0x00000007ba800000,0x00000007c0000000)
 ParOldGen       total 247296K, used 209472K [0x00000006c0c00000, 0x00000006cfd80000, 0x000000076af00000)
  object space 247296K, 84% used [0x00000006c0c00000,0x00000006cd8902c0,0x00000006cfd80000)
 Metaspace       used 54201K, capacity 54577K, committed 55088K, reserved 1097728K
  class space    used 6494K, capacity 6640K, committed 6704K, reserved 1048576K
Event: 175.761 GC heap after
Heap after GC invocations=28 (full 6):
 PSYoungGen      total 1290240K, used 67908K [0x000000076af00000, 0x00000007c0000000, 0x00000007c0000000)
  eden space 1200128K, 0% used [0x000000076af00000,0x000000076af00000,0x00000007b4300000)
  from space 90112K, 75% used [0x00000007ba800000,0x00000007bea512d0,0x00000007c0000000)
  to   space 96768K, 0% used [0x00000007b4300000,0x00000007b4300000,0x00000007ba180000)
 ParOldGen       total 247296K, used 209472K [0x00000006c0c00000, 0x00000006cfd80000, 0x000000076af00000)
  object space 247296K, 84% used [0x00000006c0c00000,0x00000006cd8902c0,0x00000006cfd80000)
 Metaspace       used 54201K, capacity 54577K, committed 55088K, reserved 1097728K
  class space    used 6494K, capacity 6640K, committed 6704K, reserved 1048576K
}
Event: 237.277 GC heap before
{Heap before GC invocations=29 (full 6):
 PSYoungGen      total 1290240K, used 1268036K [0x000000076af00000, 0x00000007c0000000, 0x00000007c0000000)
  eden space 1200128K, 100% used [0x000000076af00000,0x00000007b4300000,0x00000007b4300000)
  from space 90112K, 75% used [0x00000007ba800000,0x00000007bea512d0,0x00000007c0000000)
  to   space 96768K, 0% used [0x00000007b4300000,0x00000007b4300000,0x00000007ba180000)
 ParOldGen       total 247296K, used 209472K [0x00000006c0c00000, 0x00000006cfd80000, 0x000000076af00000)
  object space 247296K, 84% used [0x00000006c0c00000,0x00000006cd8902c0,0x00000006cfd80000)
 Metaspace       used 54304K, capacity 54769K, committed 55344K, reserved 1097728K
  class space    used 6495K, capacity 6640K, committed 6704K, reserved 1048576K
Event: 237.295 GC heap after
Heap after GC invocations=29 (full 6):
 PSYoungGen      total 1267200K, used 67000K [0x000000076af00000, 0x00000007c0000000, 0x00000007c0000000)
  eden space 1200128K, 0% used [0x000000076af00000,0x000000076af00000,0x00000007b4300000)
  from space 67072K, 99% used [0x00000007b4300000,0x00000007b846e028,0x00000007b8480000)
  to   space 101376K, 0% used [0x00000007b9d00000,0x00000007b9d00000,0x00000007c0000000)
 ParOldGen       total 247296K, used 209480K [0x00000006c0c00000, 0x00000006cfd80000, 0x000000076af00000)
  object space 247296K, 84% used [0x00000006c0c00000,0x00000006cd8922c0,0x00000006cfd80000)
 Metaspace       used 54304K, capacity 54769K, committed 55344K, reserved 1097728K
  class space    used 6495K, capacity 6640K, committed 6704K, reserved 1048576K
}
Event: 243.511 GC heap before
{Heap before GC invocations=30 (full 6):
 PSYoungGen      total 1267200K, used 165290K [0x000000076af00000, 0x00000007c0000000, 0x00000007c0000000)
  eden space 1200128K, 8% used [0x000000076af00000,0x0000000770efc890,0x00000007b4300000)
  from space 67072K, 99% used [0x00000007b4300000,0x00000007b846e028,0x00000007b8480000)
  to   space 101376K, 0% used [0x00000007b9d00000,0x00000007b9d00000,0x00000007c0000000)
 ParOldGen       total 247296K, used 209480K [0x00000006c0c00000, 0x00000006cfd80000, 0x000000076af00000)
  object space 247296K, 84% used [0x00000006c0c00000,0x00000006cd8922c0,0x00000006cfd80000)
 Metaspace       used 54353K, capacity 54769K, committed 55344K, reserved 1097728K
  class space    used 6504K, capacity 6640K, committed 6704K, reserved 1048576K
Event: 243.530 GC heap after
Heap after GC invocations=30 (full 6):
 PSYoungGen      total 1286144K, used 67110K [0x000000076af00000, 0x00000007c0000000, 0x00000007c0000000)
  eden space 1184768K, 0% used [0x000000076af00000,0x000000076af00000,0x00000007b3400000)
  from space 101376K, 66% used [0x00000007b9d00000,0x00000007bde89800,0x00000007c0000000)
  to   space 104448K, 0% used [0x00000007b3400000,0x00000007b3400000,0x00000007b9a00000)
 ParOldGen       total 247296K, used 209488K [0x00000006c0c00000, 0x00000006cfd80000, 0x000000076af00000)
  object space 247296K, 84% used [0x00000006c0c00000,0x00000006cd8942c0,0x00000006cfd80000)
 Metaspace       used 54353K, capacity 54769K, committed 55344K, reserved 1097728K
  class space    used 6504K, capacity 6640K, committed 6704K, reserved 1048576K
}
Event: 243.530 GC heap before
{Heap before GC invocations=31 (full 7):
 PSYoungGen      total 1286144K, used 67110K [0x000000076af00000, 0x00000007c0000000, 0x00000007c0000000)
  eden space 1184768K, 0% used [0x000000076af00000,0x000000076af00000,0x00000007b3400000)
  from space 101376K, 66% used [0x00000007b9d00000,0x00000007bde89800,0x00000007c0000000)
  to   space 104448K, 0% used [0x00000007b3400000,0x00000007b3400000,0x00000007b9a00000)
 ParOldGen       total 247296K, used 209488K [0x00000006c0c00000, 0x00000006cfd80000, 0x000000076af00000)
  object space 247296K, 84% used [0x00000006c0c00000,0x00000006cd8942c0,0x00000006cfd80000)
 Metaspace       used 54353K, capacity 54769K, committed 55344K, reserved 1097728K
  class space    used 6504K, capacity 6640K, committed 6704K, reserved 1048576K
Event: 243.914 GC heap after
Heap after GC invocations=31 (full 7):
 PSYoungGen      total 1286144K, used 1433K [0x000000076af00000, 0x00000007c0000000, 0x00000007c0000000)
  eden space 1184768K, 0% used [0x000000076af00000,0x000000076af00000,0x00000007b3400000)
  from space 101376K, 1% used [0x00000007b9d00000,0x00000007b9e66408,0x00000007c0000000)
  to   space 104448K, 0% used [0x00000007b3400000,0x00000007b3400000,0x00000007b9a00000)
 ParOldGen       total 247296K, used 247270K [0x00000006c0c00000, 0x00000006cfd80000, 0x000000076af00000)
  object space 247296K, 99% used [0x00000006c0c00000,0x00000006cfd79af8,0x00000006cfd80000)
 Metaspace       used 54353K, capacity 54769K, committed 55344K, reserved 1097728K
  class space    used 6504K, capacity 6640K, committed 6704K, reserved 1048576K
}

