# JRE version: Java(TM) SE Runtime Environment (8.0_45-b15) (build 1.8.0_45-b15)
# Java VM: Java HotSpot(TM) 64-Bit Server VM (25.45-b02 mixed mode windows-amd64 compressed oops)
Heap:
 PSYoungGen      total 822784K, used 37989K [0x000000076af00000, 0x00000007a2780000, 0x00000007c0000000)
  eden space 740352K, 5% used [0x000000076af00000,0x000000076d4197b0,0x0000000798200000)
  from space 82432K, 0% used [0x000000079d400000,0x000000079d400000,0x00000007a2480000)
  to   space 83968K, 0% used [0x0000000798200000,0x0000000798200000,0x000000079d400000)
 ParOldGen       total 290304K, used 230281K [0x00000006c0c00000, 0x00000006d2780000, 0x000000076af00000)
  object space 290304K, 79% used [0x00000006c0c00000,0x00000006cece2790,0x00000006d2780000)
 Metaspace       used 52171K, capacity 52581K, committed 52912K, reserved 1095680K
  class space    used 6424K, capacity 6574K, committed 6576K, reserved 1048576K
GC Heap History (10 events):
Event: 24.414 GC heap before
{Heap before GC invocations=23 (full 5):
 PSYoungGen      total 817664K, used 0K [0x000000076af00000, 0x00000007a1b80000, 0x00000007c0000000)
  eden space 740864K, 0% used [0x000000076af00000,0x000000076af00000,0x0000000798280000)
  from space 76800K, 0% used [0x000000079ce80000,0x000000079ce80000,0x00000007a1980000)
  to   space 77824K, 0% used [0x0000000798280000,0x0000000798280000,0x000000079ce80000)
 ParOldGen       total 290304K, used 138689K [0x00000006c0c00000, 0x00000006d2780000, 0x000000076af00000)
  object space 290304K, 47% used [0x00000006c0c00000,0x00000006c93706e8,0x00000006d2780000)
 Metaspace       used 44968K, capacity 45379K, committed 45872K, reserved 1089536K
  class space    used 5774K, capacity 5917K, committed 5936K, reserved 1048576K
Event: 24.508 GC heap after
Heap after GC invocations=23 (full 5):
 PSYoungGen      total 817664K, used 0K [0x000000076af00000, 0x00000007a1b80000, 0x00000007c0000000)
  eden space 740864K, 0% used [0x000000076af00000,0x000000076af00000,0x0000000798280000)
  from space 76800K, 0% used [0x000000079ce80000,0x000000079ce80000,0x00000007a1980000)
  to   space 77824K, 0% used [0x0000000798280000,0x0000000798280000,0x000000079ce80000)
 ParOldGen       total 290304K, used 138689K [0x00000006c0c00000, 0x00000006d2780000, 0x000000076af00000)
  object space 290304K, 47% used [0x00000006c0c00000,0x00000006c93706e8,0x00000006d2780000)
 Metaspace       used 44968K, capacity 45379K, committed 45872K, reserved 1089536K
  class space    used 5774K, capacity 5917K, committed 5936K, reserved 1048576K
}
Event: 26.373 GC heap before
{Heap before GC invocations=24 (full 5):
 PSYoungGen      total 817664K, used 578096K [0x000000076af00000, 0x00000007a1b80000, 0x00000007c0000000)
  eden space 740864K, 78% used [0x000000076af00000,0x000000078e38c338,0x0000000798280000)
  from space 76800K, 0% used [0x000000079ce80000,0x000000079ce80000,0x00000007a1980000)
  to   space 77824K, 0% used [0x0000000798280000,0x0000000798280000,0x000000079ce80000)
 ParOldGen       total 290304K, used 138689K [0x00000006c0c00000, 0x00000006d2780000, 0x000000076af00000)
  object space 290304K, 47% used [0x00000006c0c00000,0x00000006c93706e8,0x00000006d2780000)
 Metaspace       used 49300K, capacity 49747K, committed 50224K, reserved 1093632K
  class space    used 6231K, capacity 6379K, committed 6448K, reserved 1048576K
Event: 26.390 GC heap after
Heap after GC invocations=24 (full 5):
 PSYoungGen      total 818688K, used 54991K [0x000000076af00000, 0x00000007a2480000, 0x00000007c0000000)
  eden space 740864K, 0% used [0x000000076af00000,0x000000076af00000,0x0000000798280000)
  from space 77824K, 70% used [0x0000000798280000,0x000000079b833c80,0x000000079ce80000)
  to   space 82432K, 0% used [0x000000079d400000,0x000000079d400000,0x00000007a2480000)
 ParOldGen       total 290304K, used 138697K [0x00000006c0c00000, 0x00000006d2780000, 0x000000076af00000)
  object space 290304K, 47% used [0x00000006c0c00000,0x00000006c93726e8,0x00000006d2780000)
 Metaspace       used 49300K, capacity 49747K, committed 50224K, reserved 1093632K
  class space    used 6231K, capacity 6379K, committed 6448K, reserved 1048576K
}
Event: 26.390 GC heap before
{Heap before GC invocations=25 (full 6):
 PSYoungGen      total 818688K, used 54991K [0x000000076af00000, 0x00000007a2480000, 0x00000007c0000000)
  eden space 740864K, 0% used [0x000000076af00000,0x000000076af00000,0x0000000798280000)
  from space 77824K, 70% used [0x0000000798280000,0x000000079b833c80,0x000000079ce80000)
  to   space 82432K, 0% used [0x000000079d400000,0x000000079d400000,0x00000007a2480000)
 ParOldGen       total 290304K, used 138697K [0x00000006c0c00000, 0x00000006d2780000, 0x000000076af00000)
  object space 290304K, 47% used [0x00000006c0c00000,0x00000006c93726e8,0x00000006d2780000)
 Metaspace       used 49300K, capacity 49747K, committed 50224K, reserved 1093632K
  class space    used 6231K, capacity 6379K, committed 6448K, reserved 1048576K
Event: 26.896 GC heap after
Heap after GC invocations=25 (full 6):
 PSYoungGen      total 818688K, used 0K [0x000000076af00000, 0x00000007a2480000, 0x00000007c0000000)
  eden space 740864K, 0% used [0x000000076af00000,0x000000076af00000,0x0000000798280000)
  from space 77824K, 0% used [0x0000000798280000,0x0000000798280000,0x000000079ce80000)
  to   space 82432K, 0% used [0x000000079d400000,0x000000079d400000,0x00000007a2480000)
 ParOldGen       total 290304K, used 188808K [0x00000006c0c00000, 0x00000006d2780000, 0x000000076af00000)
  object space 290304K, 65% used [0x00000006c0c00000,0x00000006cc4620a8,0x00000006d2780000)
 Metaspace       used 49300K, capacity 49747K, committed 50224K, reserved 1093632K
  class space    used 6231K, capacity 6379K, committed 6448K, reserved 1048576K
}
Event: 40.058 GC heap before
{Heap before GC invocations=26 (full 6):
 PSYoungGen      total 818688K, used 600134K [0x000000076af00000, 0x00000007a2480000, 0x00000007c0000000)
  eden space 740864K, 81% used [0x000000076af00000,0x000000078f911bf0,0x0000000798280000)
  from space 77824K, 0% used [0x0000000798280000,0x0000000798280000,0x000000079ce80000)
  to   space 82432K, 0% used [0x000000079d400000,0x000000079d400000,0x00000007a2480000)
 ParOldGen       total 290304K, used 188808K [0x00000006c0c00000, 0x00000006d2780000, 0x000000076af00000)
  object space 290304K, 65% used [0x00000006c0c00000,0x00000006cc4620a8,0x00000006d2780000)
 Metaspace       used 52145K, capacity 52575K, committed 52912K, reserved 1095680K
  class space    used 6420K, capacity 6573K, committed 6576K, reserved 1048576K
Event: 40.071 GC heap after
Heap after GC invocations=26 (full 6):
 PSYoungGen      total 822784K, used 48566K [0x000000076af00000, 0x00000007a2780000, 0x00000007c0000000)
  eden space 740352K, 0% used [0x000000076af00000,0x000000076af00000,0x0000000798200000)
  from space 82432K, 58% used [0x000000079d400000,0x00000007a036d888,0x00000007a2480000)
  to   space 83968K, 0% used [0x0000000798200000,0x0000000798200000,0x000000079d400000)
 ParOldGen       total 290304K, used 188816K [0x00000006c0c00000, 0x00000006d2780000, 0x000000076af00000)
  object space 290304K, 65% used [0x00000006c0c00000,0x00000006cc4640a8,0x00000006d2780000)
 Metaspace       used 52145K, capacity 52575K, committed 52912K, reserved 1095680K
  class space    used 6420K, capacity 6573K, committed 6576K, reserved 1048576K
}
Event: 40.071 GC heap before
{Heap before GC invocations=27 (full 7):
 PSYoungGen      total 822784K, used 48566K [0x000000076af00000, 0x00000007a2780000, 0x00000007c0000000)
  eden space 740352K, 0% used [0x000000076af00000,0x000000076af00000,0x0000000798200000)
  from space 82432K, 58% used [0x000000079d400000,0x00000007a036d888,0x00000007a2480000)
  to   space 83968K, 0% used [0x0000000798200000,0x0000000798200000,0x000000079d400000)
 ParOldGen       total 290304K, used 188816K [0x00000006c0c00000, 0x00000006d2780000, 0x000000076af00000)
  object space 290304K, 65% used [0x00000006c0c00000,0x00000006cc4640a8,0x00000006d2780000)
 Metaspace       used 52145K, capacity 52575K, committed 52912K, reserved 1095680K
  class space    used 6420K, capacity 6573K, committed 6576K, reserved 1048576K
Event: 40.431 GC heap after
Heap after GC invocations=27 (full 7):
 PSYoungGen      total 822784K, used 0K [0x000000076af00000, 0x00000007a2780000, 0x00000007c0000000)
  eden space 740352K, 0% used [0x000000076af00000,0x000000076af00000,0x0000000798200000)
  from space 82432K, 0% used [0x000000079d400000,0x000000079d400000,0x00000007a2480000)
  to   space 83968K, 0% used [0x0000000798200000,0x0000000798200000,0x000000079d400000)
 ParOldGen       total 290304K, used 230281K [0x00000006c0c00000, 0x00000006d2780000, 0x000000076af00000)
  object space 290304K, 79% used [0x00000006c0c00000,0x00000006cece2790,0x00000006d2780000)
 Metaspace       used 52145K, capacity 52575K, committed 52912K, reserved 1095680K
  class space    used 6420K, capacity 6573K, committed 6576K, reserved 1048576K
}

