# JRE version: Java(TM) SE Runtime Environment (8.0_45-b15) (build 1.8.0_45-b15)
# Java VM: Java HotSpot(TM) 64-Bit Server VM (25.45-b02 mixed mode windows-amd64 compressed oops)
Heap:
 PSYoungGen      total 1182208K, used 699603K [0x000000076af00000, 0x00000007b8100000, 0x00000007c0000000)
  eden space 1114624K, 62% used [0x000000076af00000,0x0000000795a34e90,0x00000007aef80000)
  from space 67584K, 0% used [0x00000007aef80000,0x00000007aef80000,0x00000007b3180000)
  to   space 74240K, 0% used [0x00000007b3880000,0x00000007b3880000,0x00000007b8100000)
 ParOldGen       total 256512K, used 191509K [0x00000006c0c00000, 0x00000006d0680000, 0x000000076af00000)
  object space 256512K, 74% used [0x00000006c0c00000,0x00000006cc705680,0x00000006d0680000)
 Metaspace       used 51935K, capacity 52357K, committed 52784K, reserved 1095680K
  class space    used 6450K, capacity 6606K, committed 6704K, reserved 1048576K
GC Heap History (10 events):
Event: 27.191 GC heap before
{Heap before GC invocations=19 (full 4):
 PSYoungGen      total 1181184K, used 39230K [0x000000076af00000, 0x00000007b7300000, 0x00000007c0000000)
  eden space 1115136K, 0% used [0x000000076af00000,0x000000076af00000,0x00000007af000000)
  from space 66048K, 59% used [0x00000007af000000,0x00000007b164fbf8,0x00000007b3080000)
  to   space 67072K, 0% used [0x00000007b3180000,0x00000007b3180000,0x00000007b7300000)
 ParOldGen       total 256512K, used 110304K [0x00000006c0c00000, 0x00000006d0680000, 0x000000076af00000)
  object space 256512K, 43% used [0x00000006c0c00000,0x00000006c77b82b8,0x00000006d0680000)
 Metaspace       used 45083K, capacity 45507K, committed 45872K, reserved 1089536K
  class space    used 5774K, capacity 5917K, committed 5936K, reserved 1048576K
Event: 27.651 GC heap after
Heap after GC invocations=19 (full 4):
 PSYoungGen      total 1181184K, used 0K [0x000000076af00000, 0x00000007b7300000, 0x00000007c0000000)
  eden space 1115136K, 0% used [0x000000076af00000,0x000000076af00000,0x00000007af000000)
  from space 66048K, 0% used [0x00000007af000000,0x00000007af000000,0x00000007b3080000)
  to   space 67072K, 0% used [0x00000007b3180000,0x00000007b3180000,0x00000007b7300000)
 ParOldGen       total 256512K, used 143479K [0x00000006c0c00000, 0x00000006d0680000, 0x000000076af00000)
  object space 256512K, 55% used [0x00000006c0c00000,0x00000006c981de40,0x00000006d0680000)
 Metaspace       used 45083K, capacity 45507K, committed 45872K, reserved 1089536K
  class space    used 5774K, capacity 5917K, committed 5936K, reserved 1048576K
}
Event: 27.651 GC heap before
{Heap before GC invocations=20 (full 4):
 PSYoungGen      total 1181184K, used 0K [0x000000076af00000, 0x00000007b7300000, 0x00000007c0000000)
  eden space 1115136K, 0% used [0x000000076af00000,0x000000076af00000,0x00000007af000000)
  from space 66048K, 0% used [0x00000007af000000,0x00000007af000000,0x00000007b3080000)
  to   space 67072K, 0% used [0x00000007b3180000,0x00000007b3180000,0x00000007b7300000)
 ParOldGen       total 256512K, used 143479K [0x00000006c0c00000, 0x00000006d0680000, 0x000000076af00000)
  object space 256512K, 55% used [0x00000006c0c00000,0x00000006c981de40,0x00000006d0680000)
 Metaspace       used 45083K, capacity 45507K, committed 45872K, reserved 1089536K
  class space    used 5774K, capacity 5917K, committed 5936K, reserved 1048576K
Event: 27.652 GC heap after
Heap after GC invocations=20 (full 4):
 PSYoungGen      total 1181696K, used 0K [0x000000076af00000, 0x00000007b7400000, 0x00000007c0000000)
  eden space 1114624K, 0% used [0x000000076af00000,0x000000076af00000,0x00000007aef80000)
  from space 67072K, 0% used [0x00000007b3180000,0x00000007b3180000,0x00000007b7300000)
  to   space 67584K, 0% used [0x00000007aef80000,0x00000007aef80000,0x00000007b3180000)
 ParOldGen       total 256512K, used 143479K [0x00000006c0c00000, 0x00000006d0680000, 0x000000076af00000)
  object space 256512K, 55% used [0x00000006c0c00000,0x00000006c981de40,0x00000006d0680000)
 Metaspace       used 45083K, capacity 45507K, committed 45872K, reserved 1089536K
  class space    used 5774K, capacity 5917K, committed 5936K, reserved 1048576K
}
Event: 27.652 GC heap before
{Heap before GC invocations=21 (full 5):
 PSYoungGen      total 1181696K, used 0K [0x000000076af00000, 0x00000007b7400000, 0x00000007c0000000)
  eden space 1114624K, 0% used [0x000000076af00000,0x000000076af00000,0x00000007aef80000)
  from space 67072K, 0% used [0x00000007b3180000,0x00000007b3180000,0x00000007b7300000)
  to   space 67584K, 0% used [0x00000007aef80000,0x00000007aef80000,0x00000007b3180000)
 ParOldGen       total 256512K, used 143479K [0x00000006c0c00000, 0x00000006d0680000, 0x000000076af00000)
  object space 256512K, 55% used [0x00000006c0c00000,0x00000006c981de40,0x00000006d0680000)
 Metaspace       used 45083K, capacity 45507K, committed 45872K, reserved 1089536K
  class space    used 5774K, capacity 5917K, committed 5936K, reserved 1048576K
Event: 27.747 GC heap after
Heap after GC invocations=21 (full 5):
 PSYoungGen      total 1181696K, used 0K [0x000000076af00000, 0x00000007b7400000, 0x00000007c0000000)
  eden space 1114624K, 0% used [0x000000076af00000,0x000000076af00000,0x00000007aef80000)
  from space 67072K, 0% used [0x00000007b3180000,0x00000007b3180000,0x00000007b7300000)
  to   space 67584K, 0% used [0x00000007aef80000,0x00000007aef80000,0x00000007b3180000)
 ParOldGen       total 256512K, used 143479K [0x00000006c0c00000, 0x00000006d0680000, 0x000000076af00000)
  object space 256512K, 55% used [0x00000006c0c00000,0x00000006c981de40,0x00000006d0680000)
 Metaspace       used 45083K, capacity 45507K, committed 45872K, reserved 1089536K
  class space    used 5774K, capacity 5917K, committed 5936K, reserved 1048576K
}
Event: 29.500 GC heap before
{Heap before GC invocations=22 (full 5):
 PSYoungGen      total 1181696K, used 618864K [0x000000076af00000, 0x00000007b7400000, 0x00000007c0000000)
  eden space 1114624K, 55% used [0x000000076af00000,0x0000000790b5c1c8,0x00000007aef80000)
  from space 67072K, 0% used [0x00000007b3180000,0x00000007b3180000,0x00000007b7300000)
  to   space 67584K, 0% used [0x00000007aef80000,0x00000007aef80000,0x00000007b3180000)
 ParOldGen       total 256512K, used 143479K [0x00000006c0c00000, 0x00000006d0680000, 0x000000076af00000)
  object space 256512K, 55% used [0x00000006c0c00000,0x00000006c981de40,0x00000006d0680000)
 Metaspace       used 49311K, capacity 49747K, committed 50224K, reserved 1093632K
  class space    used 6226K, capacity 6379K, committed 6448K, reserved 1048576K
Event: 29.515 GC heap after
Heap after GC invocations=22 (full 5):
 PSYoungGen      total 1182208K, used 54087K [0x000000076af00000, 0x00000007b8100000, 0x00000007c0000000)
  eden space 1114624K, 0% used [0x000000076af00000,0x000000076af00000,0x00000007aef80000)
  from space 67584K, 80% used [0x00000007aef80000,0x00000007b2451f90,0x00000007b3180000)
  to   space 74240K, 0% used [0x00000007b3880000,0x00000007b3880000,0x00000007b8100000)
 ParOldGen       total 256512K, used 143487K [0x00000006c0c00000, 0x00000006d0680000, 0x000000076af00000)
  object space 256512K, 55% used [0x00000006c0c00000,0x00000006c981fe40,0x00000006d0680000)
 Metaspace       used 49311K, capacity 49747K, committed 50224K, reserved 1093632K
  class space    used 6226K, capacity 6379K, committed 6448K, reserved 1048576K
}
Event: 29.515 GC heap before
{Heap before GC invocations=23 (full 6):
 PSYoungGen      total 1182208K, used 54087K [0x000000076af00000, 0x00000007b8100000, 0x00000007c0000000)
  eden space 1114624K, 0% used [0x000000076af00000,0x000000076af00000,0x00000007aef80000)
  from space 67584K, 80% used [0x00000007aef80000,0x00000007b2451f90,0x00000007b3180000)
  to   space 74240K, 0% used [0x00000007b3880000,0x00000007b3880000,0x00000007b8100000)
 ParOldGen       total 256512K, used 143487K [0x00000006c0c00000, 0x00000006d0680000, 0x000000076af00000)
  object space 256512K, 55% used [0x00000006c0c00000,0x00000006c981fe40,0x00000006d0680000)
 Metaspace       used 49311K, capacity 49747K, committed 50224K, reserved 1093632K
  class space    used 6226K, capacity 6379K, committed 6448K, reserved 1048576K
Event: 30.043 GC heap after
Heap after GC invocations=23 (full 6):
 PSYoungGen      total 1182208K, used 0K [0x000000076af00000, 0x00000007b8100000, 0x00000007c0000000)
  eden space 1114624K, 0% used [0x000000076af00000,0x000000076af00000,0x00000007aef80000)
  from space 67584K, 0% used [0x00000007aef80000,0x00000007aef80000,0x00000007b3180000)
  to   space 74240K, 0% used [0x00000007b3880000,0x00000007b3880000,0x00000007b8100000)
 ParOldGen       total 256512K, used 191509K [0x00000006c0c00000, 0x00000006d0680000, 0x000000076af00000)
  object space 256512K, 74% used [0x00000006c0c00000,0x00000006cc705680,0x00000006d0680000)
 Metaspace       used 49311K, capacity 49747K, committed 50224K, reserved 1093632K
  class space    used 6226K, capacity 6379K, committed 6448K, reserved 1048576K
}

