# JRE version: Java(TM) SE Runtime Environment (8.0_45-b15) (build 1.8.0_45-b15)
# Java VM: Java HotSpot(TM) 64-Bit Server VM (25.45-b02 mixed mode windows-amd64 compressed oops)
Heap:
 PSYoungGen      total 1209856K, used 734774K [0x000000076af00000, 0x00000007b9d00000, 0x00000007c0000000)
  eden space 1142272K, 64% used [0x000000076af00000,0x0000000797c8d9d0,0x00000007b0a80000)
  from space 67584K, 0% used [0x00000007b0a80000,0x00000007b0a80000,0x00000007b4c80000)
  to   space 74752K, 0% used [0x00000007b5400000,0x00000007b5400000,0x00000007b9d00000)
 ParOldGen       total 262656K, used 189942K [0x00000006c0c00000, 0x00000006d0c80000, 0x000000076af00000)
  object space 262656K, 72% used [0x00000006c0c00000,0x00000006cc57d948,0x00000006d0c80000)
 Metaspace       used 51837K, capacity 52293K, committed 52784K, reserved 1095680K
  class space    used 6444K, capacity 6606K, committed 6704K, reserved 1048576K
GC Heap History (10 events):
Event: 19.532 GC heap before
{Heap before GC invocations=19 (full 4):
 PSYoungGen      total 1209344K, used 37798K [0x000000076af00000, 0x00000007b8e00000, 0x00000007c0000000)
  eden space 1142784K, 0% used [0x000000076af00000,0x000000076af00000,0x00000007b0b00000)
  from space 66560K, 56% used [0x00000007b0b00000,0x00000007b2fe9a98,0x00000007b4c00000)
  to   space 67072K, 0% used [0x00000007b4c80000,0x00000007b4c80000,0x00000007b8e00000)
 ParOldGen       total 262656K, used 114615K [0x00000006c0c00000, 0x00000006d0c80000, 0x000000076af00000)
  object space 262656K, 43% used [0x00000006c0c00000,0x00000006c7bedd40,0x00000006d0c80000)
 Metaspace       used 45007K, capacity 45443K, committed 45872K, reserved 1089536K
  class space    used 5774K, capacity 5917K, committed 5936K, reserved 1048576K
Event: 19.933 GC heap after
Heap after GC invocations=19 (full 4):
 PSYoungGen      total 1209344K, used 0K [0x000000076af00000, 0x00000007b8e00000, 0x00000007c0000000)
  eden space 1142784K, 0% used [0x000000076af00000,0x000000076af00000,0x00000007b0b00000)
  from space 66560K, 0% used [0x00000007b0b00000,0x00000007b0b00000,0x00000007b4c00000)
  to   space 67072K, 0% used [0x00000007b4c80000,0x00000007b4c80000,0x00000007b8e00000)
 ParOldGen       total 262656K, used 142215K [0x00000006c0c00000, 0x00000006d0c80000, 0x000000076af00000)
  object space 262656K, 54% used [0x00000006c0c00000,0x00000006c96e1c18,0x00000006d0c80000)
 Metaspace       used 45007K, capacity 45443K, committed 45872K, reserved 1089536K
  class space    used 5774K, capacity 5917K, committed 5936K, reserved 1048576K
}
Event: 19.933 GC heap before
{Heap before GC invocations=20 (full 4):
 PSYoungGen      total 1209344K, used 0K [0x000000076af00000, 0x00000007b8e00000, 0x00000007c0000000)
  eden space 1142784K, 0% used [0x000000076af00000,0x000000076af00000,0x00000007b0b00000)
  from space 66560K, 0% used [0x00000007b0b00000,0x00000007b0b00000,0x00000007b4c00000)
  to   space 67072K, 0% used [0x00000007b4c80000,0x00000007b4c80000,0x00000007b8e00000)
 ParOldGen       total 262656K, used 142215K [0x00000006c0c00000, 0x00000006d0c80000, 0x000000076af00000)
  object space 262656K, 54% used [0x00000006c0c00000,0x00000006c96e1c18,0x00000006d0c80000)
 Metaspace       used 45007K, capacity 45443K, committed 45872K, reserved 1089536K
  class space    used 5774K, capacity 5917K, committed 5936K, reserved 1048576K
Event: 19.934 GC heap after
Heap after GC invocations=20 (full 4):
 PSYoungGen      total 1209344K, used 0K [0x000000076af00000, 0x00000007b8f00000, 0x00000007c0000000)
  eden space 1142272K, 0% used [0x000000076af00000,0x000000076af00000,0x00000007b0a80000)
  from space 67072K, 0% used [0x00000007b4c80000,0x00000007b4c80000,0x00000007b8e00000)
  to   space 67584K, 0% used [0x00000007b0a80000,0x00000007b0a80000,0x00000007b4c80000)
 ParOldGen       total 262656K, used 142215K [0x00000006c0c00000, 0x00000006d0c80000, 0x000000076af00000)
  object space 262656K, 54% used [0x00000006c0c00000,0x00000006c96e1c18,0x00000006d0c80000)
 Metaspace       used 45007K, capacity 45443K, committed 45872K, reserved 1089536K
  class space    used 5774K, capacity 5917K, committed 5936K, reserved 1048576K
}
Event: 19.934 GC heap before
{Heap before GC invocations=21 (full 5):
 PSYoungGen      total 1209344K, used 0K [0x000000076af00000, 0x00000007b8f00000, 0x00000007c0000000)
  eden space 1142272K, 0% used [0x000000076af00000,0x000000076af00000,0x00000007b0a80000)
  from space 67072K, 0% used [0x00000007b4c80000,0x00000007b4c80000,0x00000007b8e00000)
  to   space 67584K, 0% used [0x00000007b0a80000,0x00000007b0a80000,0x00000007b4c80000)
 ParOldGen       total 262656K, used 142215K [0x00000006c0c00000, 0x00000006d0c80000, 0x000000076af00000)
  object space 262656K, 54% used [0x00000006c0c00000,0x00000006c96e1c18,0x00000006d0c80000)
 Metaspace       used 45007K, capacity 45443K, committed 45872K, reserved 1089536K
  class space    used 5774K, capacity 5917K, committed 5936K, reserved 1048576K
Event: 20.039 GC heap after
Heap after GC invocations=21 (full 5):
 PSYoungGen      total 1209344K, used 0K [0x000000076af00000, 0x00000007b8f00000, 0x00000007c0000000)
  eden space 1142272K, 0% used [0x000000076af00000,0x000000076af00000,0x00000007b0a80000)
  from space 67072K, 0% used [0x00000007b4c80000,0x00000007b4c80000,0x00000007b8e00000)
  to   space 67584K, 0% used [0x00000007b0a80000,0x00000007b0a80000,0x00000007b4c80000)
 ParOldGen       total 262656K, used 142215K [0x00000006c0c00000, 0x00000006d0c80000, 0x000000076af00000)
  object space 262656K, 54% used [0x00000006c0c00000,0x00000006c96e1c18,0x00000006d0c80000)
 Metaspace       used 45007K, capacity 45443K, committed 45872K, reserved 1089536K
  class space    used 5774K, capacity 5917K, committed 5936K, reserved 1048576K
}
Event: 21.581 GC heap before
{Heap before GC invocations=22 (full 5):
 PSYoungGen      total 1209344K, used 580952K [0x000000076af00000, 0x00000007b8f00000, 0x00000007c0000000)
  eden space 1142272K, 50% used [0x000000076af00000,0x000000078e656128,0x00000007b0a80000)
  from space 67072K, 0% used [0x00000007b4c80000,0x00000007b4c80000,0x00000007b8e00000)
  to   space 67584K, 0% used [0x00000007b0a80000,0x00000007b0a80000,0x00000007b4c80000)
 ParOldGen       total 262656K, used 142215K [0x00000006c0c00000, 0x00000006d0c80000, 0x000000076af00000)
  object space 262656K, 54% used [0x00000006c0c00000,0x00000006c96e1c18,0x00000006d0c80000)
 Metaspace       used 49235K, capacity 49683K, committed 50224K, reserved 1093632K
  class space    used 6226K, capacity 6379K, committed 6448K, reserved 1048576K
Event: 21.597 GC heap after
Heap after GC invocations=22 (full 5):
 PSYoungGen      total 1209856K, used 54233K [0x000000076af00000, 0x00000007b9d00000, 0x00000007c0000000)
  eden space 1142272K, 0% used [0x000000076af00000,0x000000076af00000,0x00000007b0a80000)
  from space 67584K, 80% used [0x00000007b0a80000,0x00000007b3f766c8,0x00000007b4c80000)
  to   space 74752K, 0% used [0x00000007b5400000,0x00000007b5400000,0x00000007b9d00000)
 ParOldGen       total 262656K, used 142223K [0x00000006c0c00000, 0x00000006d0c80000, 0x000000076af00000)
  object space 262656K, 54% used [0x00000006c0c00000,0x00000006c96e3c18,0x00000006d0c80000)
 Metaspace       used 49235K, capacity 49683K, committed 50224K, reserved 1093632K
  class space    used 6226K, capacity 6379K, committed 6448K, reserved 1048576K
}
Event: 21.597 GC heap before
{Heap before GC invocations=23 (full 6):
 PSYoungGen      total 1209856K, used 54233K [0x000000076af00000, 0x00000007b9d00000, 0x00000007c0000000)
  eden space 1142272K, 0% used [0x000000076af00000,0x000000076af00000,0x00000007b0a80000)
  from space 67584K, 80% used [0x00000007b0a80000,0x00000007b3f766c8,0x00000007b4c80000)
  to   space 74752K, 0% used [0x00000007b5400000,0x00000007b5400000,0x00000007b9d00000)
 ParOldGen       total 262656K, used 142223K [0x00000006c0c00000, 0x00000006d0c80000, 0x000000076af00000)
  object space 262656K, 54% used [0x00000006c0c00000,0x00000006c96e3c18,0x00000006d0c80000)
 Metaspace       used 49235K, capacity 49683K, committed 50224K, reserved 1093632K
  class space    used 6226K, capacity 6379K, committed 6448K, reserved 1048576K
Event: 22.098 GC heap after
Heap after GC invocations=23 (full 6):
 PSYoungGen      total 1209856K, used 0K [0x000000076af00000, 0x00000007b9d00000, 0x00000007c0000000)
  eden space 1142272K, 0% used [0x000000076af00000,0x000000076af00000,0x00000007b0a80000)
  from space 67584K, 0% used [0x00000007b0a80000,0x00000007b0a80000,0x00000007b4c80000)
  to   space 74752K, 0% used [0x00000007b5400000,0x00000007b5400000,0x00000007b9d00000)
 ParOldGen       total 262656K, used 189942K [0x00000006c0c00000, 0x00000006d0c80000, 0x000000076af00000)
  object space 262656K, 72% used [0x00000006c0c00000,0x00000006cc57d948,0x00000006d0c80000)
 Metaspace       used 49235K, capacity 49683K, committed 50224K, reserved 1093632K
  class space    used 6226K, capacity 6379K, committed 6448K, reserved 1048576K
}

