# JRE version: Java(TM) SE Runtime Environment (8.0_45-b15) (build 1.8.0_45-b15)
# Java VM: Java HotSpot(TM) 64-Bit Server VM (25.45-b02 mixed mode windows-amd64 compressed oops)
Heap:
 PSYoungGen      total 1320448K, used 701597K [0x000000076af00000, 0x00000007c0000000, 0x00000007c0000000)
  eden space 1255424K, 55% used [0x000000076af00000,0x0000000795c27720,0x00000007b7900000)
  from space 65024K, 0% used [0x00000007b7900000,0x00000007b7900000,0x00000007bb880000)
  to   space 72704K, 0% used [0x00000007bb900000,0x00000007bb900000,0x00000007c0000000)
 ParOldGen       total 232960K, used 188610K [0x00000006c0c00000, 0x00000006cef80000, 0x000000076af00000)
  object space 232960K, 80% used [0x00000006c0c00000,0x00000006cc430b90,0x00000006cef80000)
 Metaspace       used 51883K, capacity 52363K, committed 52784K, reserved 1095680K
  class space    used 6441K, capacity 6607K, committed 6704K, reserved 1048576K
GC Heap History (10 events):
Event: 19.643 GC heap before
{Heap before GC invocations=19 (full 4):
 PSYoungGen      total 1318400K, used 13708K [0x000000076af00000, 0x00000007bf780000, 0x00000007c0000000)
  eden space 1251840K, 0% used [0x000000076af00000,0x000000076af00000,0x00000007b7580000)
  from space 66560K, 20% used [0x00000007b7580000,0x00000007b82e3388,0x00000007bb680000)
  to   space 64512K, 0% used [0x00000007bb880000,0x00000007bb880000,0x00000007bf780000)
 ParOldGen       total 232960K, used 133739K [0x00000006c0c00000, 0x00000006cef80000, 0x000000076af00000)
  object space 232960K, 57% used [0x00000006c0c00000,0x00000006c8e9ade8,0x00000006cef80000)
 Metaspace       used 44990K, capacity 45449K, committed 45872K, reserved 1089536K
  class space    used 5770K, capacity 5918K, committed 5936K, reserved 1048576K
Event: 20.115 GC heap after
Heap after GC invocations=19 (full 4):
 PSYoungGen      total 1318400K, used 0K [0x000000076af00000, 0x00000007bf780000, 0x00000007c0000000)
  eden space 1251840K, 0% used [0x000000076af00000,0x000000076af00000,0x00000007b7580000)
  from space 66560K, 0% used [0x00000007b7580000,0x00000007b7580000,0x00000007bb680000)
  to   space 64512K, 0% used [0x00000007bb880000,0x00000007bb880000,0x00000007bf780000)
 ParOldGen       total 232960K, used 141657K [0x00000006c0c00000, 0x00000006cef80000, 0x000000076af00000)
  object space 232960K, 60% used [0x00000006c0c00000,0x00000006c96564f0,0x00000006cef80000)
 Metaspace       used 44990K, capacity 45449K, committed 45872K, reserved 1089536K
  class space    used 5770K, capacity 5918K, committed 5936K, reserved 1048576K
}
Event: 20.115 GC heap before
{Heap before GC invocations=20 (full 4):
 PSYoungGen      total 1318400K, used 4172K [0x000000076af00000, 0x00000007bf780000, 0x00000007c0000000)
  eden space 1251840K, 0% used [0x000000076af00000,0x000000076b313370,0x00000007b7580000)
  from space 66560K, 0% used [0x00000007b7580000,0x00000007b7580000,0x00000007bb680000)
  to   space 64512K, 0% used [0x00000007bb880000,0x00000007bb880000,0x00000007bf780000)
 ParOldGen       total 232960K, used 141657K [0x00000006c0c00000, 0x00000006cef80000, 0x000000076af00000)
  object space 232960K, 60% used [0x00000006c0c00000,0x00000006c96564f0,0x00000006cef80000)
 Metaspace       used 44990K, capacity 45449K, committed 45872K, reserved 1089536K
  class space    used 5770K, capacity 5918K, committed 5936K, reserved 1048576K
Event: 20.117 GC heap after
Heap after GC invocations=20 (full 4):
 PSYoungGen      total 1319936K, used 32K [0x000000076af00000, 0x00000007bf880000, 0x00000007c0000000)
  eden space 1255424K, 0% used [0x000000076af00000,0x000000076af00000,0x00000007b7900000)
  from space 64512K, 0% used [0x00000007bb880000,0x00000007bb888000,0x00000007bf780000)
  to   space 65024K, 0% used [0x00000007b7900000,0x00000007b7900000,0x00000007bb880000)
 ParOldGen       total 232960K, used 141657K [0x00000006c0c00000, 0x00000006cef80000, 0x000000076af00000)
  object space 232960K, 60% used [0x00000006c0c00000,0x00000006c96564f0,0x00000006cef80000)
 Metaspace       used 44990K, capacity 45449K, committed 45872K, reserved 1089536K
  class space    used 5770K, capacity 5918K, committed 5936K, reserved 1048576K
}
Event: 20.117 GC heap before
{Heap before GC invocations=21 (full 5):
 PSYoungGen      total 1319936K, used 32K [0x000000076af00000, 0x00000007bf880000, 0x00000007c0000000)
  eden space 1255424K, 0% used [0x000000076af00000,0x000000076af00000,0x00000007b7900000)
  from space 64512K, 0% used [0x00000007bb880000,0x00000007bb888000,0x00000007bf780000)
  to   space 65024K, 0% used [0x00000007b7900000,0x00000007b7900000,0x00000007bb880000)
 ParOldGen       total 232960K, used 141657K [0x00000006c0c00000, 0x00000006cef80000, 0x000000076af00000)
  object space 232960K, 60% used [0x00000006c0c00000,0x00000006c96564f0,0x00000006cef80000)
 Metaspace       used 44990K, capacity 45449K, committed 45872K, reserved 1089536K
  class space    used 5770K, capacity 5918K, committed 5936K, reserved 1048576K
Event: 20.233 GC heap after
Heap after GC invocations=21 (full 5):
 PSYoungGen      total 1319936K, used 0K [0x000000076af00000, 0x00000007bf880000, 0x00000007c0000000)
  eden space 1255424K, 0% used [0x000000076af00000,0x000000076af00000,0x00000007b7900000)
  from space 64512K, 0% used [0x00000007bb880000,0x00000007bb880000,0x00000007bf780000)
  to   space 65024K, 0% used [0x00000007b7900000,0x00000007b7900000,0x00000007bb880000)
 ParOldGen       total 232960K, used 141657K [0x00000006c0c00000, 0x00000006cef80000, 0x000000076af00000)
  object space 232960K, 60% used [0x00000006c0c00000,0x00000006c96564e8,0x00000006cef80000)
 Metaspace       used 44990K, capacity 45449K, committed 45872K, reserved 1089536K
  class space    used 5770K, capacity 5918K, committed 5936K, reserved 1048576K
}
Event: 22.032 GC heap before
{Heap before GC invocations=22 (full 5):
 PSYoungGen      total 1319936K, used 631736K [0x000000076af00000, 0x00000007bf880000, 0x00000007c0000000)
  eden space 1255424K, 50% used [0x000000076af00000,0x00000007917ee078,0x00000007b7900000)
  from space 64512K, 0% used [0x00000007bb880000,0x00000007bb880000,0x00000007bf780000)
  to   space 65024K, 0% used [0x00000007b7900000,0x00000007b7900000,0x00000007bb880000)
 ParOldGen       total 232960K, used 141657K [0x00000006c0c00000, 0x00000006cef80000, 0x000000076af00000)
  object space 232960K, 60% used [0x00000006c0c00000,0x00000006c96564e8,0x00000006cef80000)
 Metaspace       used 49259K, capacity 49651K, committed 49968K, reserved 1093632K
  class space    used 6221K, capacity 6347K, committed 6448K, reserved 1048576K
Event: 22.059 GC heap after
Heap after GC invocations=22 (full 5):
 PSYoungGen      total 1320448K, used 54506K [0x000000076af00000, 0x00000007c0000000, 0x00000007c0000000)
  eden space 1255424K, 0% used [0x000000076af00000,0x000000076af00000,0x00000007b7900000)
  from space 65024K, 83% used [0x00000007b7900000,0x00000007bae3a960,0x00000007bb880000)
  to   space 72704K, 0% used [0x00000007bb900000,0x00000007bb900000,0x00000007c0000000)
 ParOldGen       total 232960K, used 141665K [0x00000006c0c00000, 0x00000006cef80000, 0x000000076af00000)
  object space 232960K, 60% used [0x00000006c0c00000,0x00000006c96584e8,0x00000006cef80000)
 Metaspace       used 49259K, capacity 49651K, committed 49968K, reserved 1093632K
  class space    used 6221K, capacity 6347K, committed 6448K, reserved 1048576K
}
Event: 22.059 GC heap before
{Heap before GC invocations=23 (full 6):
 PSYoungGen      total 1320448K, used 54506K [0x000000076af00000, 0x00000007c0000000, 0x00000007c0000000)
  eden space 1255424K, 0% used [0x000000076af00000,0x000000076af00000,0x00000007b7900000)
  from space 65024K, 83% used [0x00000007b7900000,0x00000007bae3a960,0x00000007bb880000)
  to   space 72704K, 0% used [0x00000007bb900000,0x00000007bb900000,0x00000007c0000000)
 ParOldGen       total 232960K, used 141665K [0x00000006c0c00000, 0x00000006cef80000, 0x000000076af00000)
  object space 232960K, 60% used [0x00000006c0c00000,0x00000006c96584e8,0x00000006cef80000)
 Metaspace       used 49259K, capacity 49651K, committed 49968K, reserved 1093632K
  class space    used 6221K, capacity 6347K, committed 6448K, reserved 1048576K
Event: 22.622 GC heap after
Heap after GC invocations=23 (full 6):
 PSYoungGen      total 1320448K, used 0K [0x000000076af00000, 0x00000007c0000000, 0x00000007c0000000)
  eden space 1255424K, 0% used [0x000000076af00000,0x000000076af00000,0x00000007b7900000)
  from space 65024K, 0% used [0x00000007b7900000,0x00000007b7900000,0x00000007bb880000)
  to   space 72704K, 0% used [0x00000007bb900000,0x00000007bb900000,0x00000007c0000000)
 ParOldGen       total 232960K, used 188610K [0x00000006c0c00000, 0x00000006cef80000, 0x000000076af00000)
  object space 232960K, 80% used [0x00000006c0c00000,0x00000006cc430b90,0x00000006cef80000)
 Metaspace       used 49259K, capacity 49651K, committed 49968K, reserved 1093632K
  class space    used 6221K, capacity 6347K, committed 6448K, reserved 1048576K
}

